0 verbose cli C:\Program Files\nodejs\node.exe C:\Program Files\nodejs\node_modules\npm\bin\npm-cli.js
1 info using npm@10.9.0
2 info using node@v22.12.0
3 silly config load:file:C:\Program Files\nodejs\node_modules\npm\npmrc
4 silly config load:file:C:\Users\赖炫池\Desktop\ai-coding-assistant\.npmrc
5 silly config load:file:C:\Users\赖炫池\.npmrc
6 silly config load:file:C:\Users\赖炫池\Desktop\ai-coding-assistant\刚才创建的node_global文件夹的路径\etc\npmrc
7 verbose title npm install
8 verbose argv "install"
9 verbose logfile logs-max:10 dir:C:\Users\赖炫池\Desktop\ai-coding-assistant\刚才创建的node_global文件夹的路径\_logs\2026-04-14T08_44_59_693Z-
10 verbose logfile C:\Users\赖炫池\Desktop\ai-coding-assistant\刚才创建的node_global文件夹的路径\_logs\2026-04-14T08_44_59_693Z-debug-0.log
11 silly logfile start cleaning logs, removing 1 files
12 silly packumentCache heap:2197815296 maxSize:549453824 maxEntrySize:274726912
13 silly logfile done cleaning log files
14 silly idealTree buildDeps
15 silly reify moves {}
16 silly audit bulk request {
16 silly audit   '@babel/code-frame': [ '7.29.0' ],
16 silly audit   '@babel/compat-data': [ '7.29.0' ],
16 silly audit   '@babel/core': [ '7.29.0' ],
16 silly audit   '@babel/generator': [ '7.29.1' ],
16 silly audit   '@babel/helper-compilation-targets': [ '7.28.6' ],
16 silly audit   '@babel/helper-globals': [ '7.28.0' ],
16 silly audit   '@babel/helper-module-imports': [ '7.28.6' ],
16 silly audit   '@babel/helper-module-transforms': [ '7.28.6' ],
16 silly audit   '@babel/helper-plugin-utils': [ '7.28.6' ],
16 silly audit   '@babel/helper-string-parser': [ '7.27.1' ],
16 silly audit   '@babel/helper-validator-identifier': [ '7.28.5' ],
16 silly audit   '@babel/helper-validator-option': [ '7.27.1' ],
16 silly audit   '@babel/helpers': [ '7.29.2' ],
16 silly audit   '@babel/parser': [ '7.29.2' ],
16 silly audit   '@babel/plugin-transform-react-jsx-self': [ '7.27.1' ],
16 silly audit   '@babel/plugin-transform-react-jsx-source': [ '7.27.1' ],
16 silly audit   '@babel/runtime': [ '7.29.2' ],
16 silly audit   '@babel/template': [ '7.28.6' ],
16 silly audit   '@babel/traverse': [ '7.29.0' ],
16 silly audit   '@babel/types': [ '7.29.0' ],
16 silly audit   '@emnapi/core': [ '1.9.2' ],
16 silly audit   '@emnapi/runtime': [ '1.9.2' ],
16 silly audit   '@emnapi/wasi-threads': [ '1.2.1' ],
16 silly audit   '@jridgewell/gen-mapping': [ '0.3.13' ],
16 silly audit   '@jridgewell/remapping': [ '2.3.5' ],
16 silly audit   '@jridgewell/resolve-uri': [ '3.1.2' ],
16 silly audit   '@jridgewell/sourcemap-codec': [ '1.5.5' ],
16 silly audit   '@jridgewell/trace-mapping': [ '0.3.31' ],
16 silly audit   '@napi-rs/wasm-runtime': [ '1.1.3' ],
16 silly audit   '@oxc-project/types': [ '0.124.0' ],
16 silly audit   '@rolldown/binding-android-arm64': [ '1.0.0-rc.15' ],
16 silly audit   '@rolldown/binding-darwin-arm64': [ '1.0.0-rc.15' ],
16 silly audit   '@rolldown/binding-darwin-x64': [ '1.0.0-rc.15' ],
16 silly audit   '@rolldown/binding-freebsd-x64': [ '1.0.0-rc.15' ],
16 silly audit   '@rolldown/binding-linux-arm-gnueabihf': [ '1.0.0-rc.15' ],
16 silly audit   '@rolldown/binding-linux-arm64-gnu': [ '1.0.0-rc.15' ],
16 silly audit   '@rolldown/binding-linux-arm64-musl': [ '1.0.0-rc.15' ],
16 silly audit   '@rolldown/binding-linux-ppc64-gnu': [ '1.0.0-rc.15' ],
16 silly audit   '@rolldown/binding-linux-s390x-gnu': [ '1.0.0-rc.15' ],
16 silly audit   '@rolldown/binding-linux-x64-gnu': [ '1.0.0-rc.15' ],
16 silly audit   '@rolldown/binding-linux-x64-musl': [ '1.0.0-rc.15' ],
16 silly audit   '@rolldown/binding-openharmony-arm64': [ '1.0.0-rc.15' ],
16 silly audit   '@rolldown/binding-wasm32-wasi': [ '1.0.0-rc.15' ],
16 silly audit   '@rolldown/binding-win32-arm64-msvc': [ '1.0.0-rc.15' ],
16 silly audit   '@rolldown/binding-win32-x64-msvc': [ '1.0.0-rc.15' ],
16 silly audit   '@rolldown/pluginutils': [ '1.0.0-rc.15', '1.0.0-rc.3' ],
16 silly audit   '@tybys/wasm-util': [ '0.10.1' ],
16 silly audit   '@types/babel__core': [ '7.20.5' ],
16 silly audit   '@types/babel__generator': [ '7.27.0' ],
16 silly audit   '@types/babel__template': [ '7.4.4' ],
16 silly audit   '@types/babel__traverse': [ '7.28.0' ],
16 silly audit   '@types/hast': [ '3.0.4' ],
16 silly audit   '@types/prismjs': [ '1.26.6' ],
16 silly audit   '@types/unist': [ '3.0.3', '2.0.11' ],
16 silly audit   '@vitejs/plugin-react': [ '5.2.0' ],
16 silly audit   'baseline-browser-mapping': [ '2.10.18' ],
16 silly audit   browserslist: [ '4.28.2' ],
16 silly audit   'caniuse-lite': [ '1.0.30001787' ],
16 silly audit   'character-entities': [ '2.0.2' ],
16 silly audit   'character-entities-legacy': [ '3.0.0' ],
16 silly audit   'character-reference-invalid': [ '2.0.1' ],
16 silly audit   'comma-separated-tokens': [ '2.0.3' ],
16 silly audit   'convert-source-map': [ '2.0.0' ],
16 silly audit   cookie: [ '1.1.1' ],
16 silly audit   debug: [ '4.4.3' ],
16 silly audit   'decode-named-character-reference': [ '1.3.0' ],
16 silly audit   'detect-libc': [ '2.1.2' ],
16 silly audit   'electron-to-chromium': [ '1.5.335' ],
16 silly audit   escalade: [ '3.2.0' ],
16 silly audit   fault: [ '1.0.4' ],
16 silly audit   fdir: [ '6.5.0' ],
16 silly audit   format: [ '0.2.2' ],
16 silly audit   fsevents: [ '2.3.3' ],
16 silly audit   gensync: [ '1.0.0-beta.2' ],
16 silly audit   'hast-util-parse-selector': [ '4.0.0' ],
16 silly audit   hastscript: [ '9.0.1' ],
16 silly audit   'highlight.js': [ '10.7.3' ],
16 silly audit   'highlightjs-vue': [ '1.0.0' ],
16 silly audit   'is-alphabetical': [ '2.0.1' ],
16 silly audit   'is-alphanumerical': [ '2.0.1' ],
16 silly audit   'is-decimal': [ '2.0.1' ],
16 silly audit   'is-hexadecimal': [ '2.0.1' ],
16 silly audit   'js-tokens': [ '4.0.0' ],
16 silly audit   jsesc: [ '3.1.0' ],
16 silly audit   json5: [ '2.2.3' ],
16 silly audit   lightningcss: [ '1.32.0' ],
16 silly audit   'lightningcss-android-arm64': [ '1.32.0' ],
16 silly audit   'lightningcss-darwin-arm64': [ '1.32.0' ],
16 silly audit   'lightningcss-darwin-x64': [ '1.32.0' ],
16 silly audit   'lightningcss-freebsd-x64': [ '1.32.0' ],
16 silly audit   'lightningcss-linux-arm-gnueabihf': [ '1.32.0' ],
16 silly audit   'lightningcss-linux-arm64-gnu': [ '1.32.0' ],
16 silly audit   'lightningcss-linux-arm64-musl': [ '1.32.0' ],
16 silly audit   'lightningcss-linux-x64-gnu': [ '1.32.0' ],
16 silly audit   'lightningcss-linux-x64-musl': [ '1.32.0' ],
16 silly audit   'lightningcss-win32-arm64-msvc': [ '1.32.0' ],
16 silly audit   'lightningcss-win32-x64-msvc': [ '1.32.0' ],
16 silly audit   lowlight: [ '1.20.0' ],
16 silly audit   'lru-cache': [ '5.1.1' ],
16 silly audit   ms: [ '2.1.3' ],
16 silly audit   nanoid: [ '3.3.11' ],
16 silly audit   'node-releases': [ '2.0.37' ],
16 silly audit   'parse-entities': [ '4.0.2' ],
16 silly audit   picocolors: [ '1.1.1' ],
16 silly audit   picomatch: [ '4.0.4' ],
16 silly audit   postcss: [ '8.5.9' ],
16 silly audit   prismjs: [ '1.30.0' ],
16 silly audit   'property-information': [ '7.1.0' ],
16 silly audit   react: [ '19.2.5' ],
16 silly audit   'react-dom': [ '19.2.5' ],
16 silly audit   'react-refresh': [ '0.18.0' ],
16 silly audit   'react-router': [ '7.14.0' ],
16 silly audit   'react-router-dom': [ '7.14.0' ],
16 silly audit   'react-syntax-highlighter': [ '16.1.1' ],
16 silly audit   refractor: [ '5.0.0' ],
16 silly audit   rolldown: [ '1.0.0-rc.15' ],
16 silly audit   scheduler: [ '0.27.0' ],
16 silly audit   semver: [ '6.3.1' ],
16 silly audit   'set-cookie-parser': [ '2.7.2' ],
16 silly audit   'source-map-js': [ '1.2.1' ],
16 silly audit   'space-separated-tokens': [ '2.0.2' ],
16 silly audit   tinyglobby: [ '0.2.16' ],
16 silly audit   tslib: [ '2.8.1' ],
16 silly audit   'update-browserslist-db': [ '1.2.3' ],
16 silly audit   vite: [ '8.0.8' ],
16 silly audit   yallist: [ '3.1.1' ]
16 silly audit }
17 verbose reify failed optional dependency C:\Users\赖炫池\Desktop\ai-coding-assistant\node_modules\lightningcss-win32-arm64-msvc
18 silly reify mark deleted [
18 silly reify   'C:\\Users\\赖炫池\\Desktop\\ai-coding-assistant\\node_modules\\lightningcss-win32-arm64-msvc'
18 silly reify ]
19 verbose reify failed optional dependency C:\Users\赖炫池\Desktop\ai-coding-assistant\node_modules\lightningcss-linux-x64-musl
20 silly reify mark deleted [
20 silly reify   'C:\\Users\\赖炫池\\Desktop\\ai-coding-assistant\\node_modules\\lightningcss-linux-x64-musl'
20 silly reify ]
21 verbose reify failed optional dependency C:\Users\赖炫池\Desktop\ai-coding-assistant\node_modules\lightningcss-linux-x64-gnu
22 silly reify mark deleted [
22 silly reify   'C:\\Users\\赖炫池\\Desktop\\ai-coding-assistant\\node_modules\\lightningcss-linux-x64-gnu'
22 silly reify ]
23 verbose reify failed optional dependency C:\Users\赖炫池\Desktop\ai-coding-assistant\node_modules\lightningcss-linux-arm64-musl
24 silly reify mark deleted [
24 silly reify   'C:\\Users\\赖炫池\\Desktop\\ai-coding-assistant\\node_modules\\lightningcss-linux-arm64-musl'
24 silly reify ]
25 verbose reify failed optional dependency C:\Users\赖炫池\Desktop\ai-coding-assistant\node_modules\lightningcss-linux-arm64-gnu
26 silly reify mark deleted [
26 silly reify   'C:\\Users\\赖炫池\\Desktop\\ai-coding-assistant\\node_modules\\lightningcss-linux-arm64-gnu'
26 silly reify ]
27 verbose reify failed optional dependency C:\Users\赖炫池\Desktop\ai-coding-assistant\node_modules\lightningcss-linux-arm-gnueabihf
28 silly reify mark deleted [
28 silly reify   'C:\\Users\\赖炫池\\Desktop\\ai-coding-assistant\\node_modules\\lightningcss-linux-arm-gnueabihf'
28 silly reify ]
29 verbose reify failed optional dependency C:\Users\赖炫池\Desktop\ai-coding-assistant\node_modules\lightningcss-freebsd-x64
30 silly reify mark deleted [
30 silly reify   'C:\\Users\\赖炫池\\Desktop\\ai-coding-assistant\\node_modules\\lightningcss-freebsd-x64'
30 silly reify ]
31 verbose reify failed optional dependency C:\Users\赖炫池\Desktop\ai-coding-assistant\node_modules\lightningcss-darwin-x64
32 silly reify mark deleted [
32 silly reify   'C:\\Users\\赖炫池\\Desktop\\ai-coding-assistant\\node_modules\\lightningcss-darwin-x64'
32 silly reify ]
33 verbose reify failed optional dependency C:\Users\赖炫池\Desktop\ai-coding-assistant\node_modules\lightningcss-darwin-arm64
34 silly reify mark deleted [
34 silly reify   'C:\\Users\\赖炫池\\Desktop\\ai-coding-assistant\\node_modules\\lightningcss-darwin-arm64'
34 silly reify ]
35 verbose reify failed optional dependency C:\Users\赖炫池\Desktop\ai-coding-assistant\node_modules\lightningcss-android-arm64
36 silly reify mark deleted [
36 silly reify   'C:\\Users\\赖炫池\\Desktop\\ai-coding-assistant\\node_modules\\lightningcss-android-arm64'
36 silly reify ]
37 verbose reify failed optional dependency C:\Users\赖炫池\Desktop\ai-coding-assistant\node_modules\fsevents
38 silly reify mark deleted [
38 silly reify   'C:\\Users\\赖炫池\\Desktop\\ai-coding-assistant\\node_modules\\fsevents'
38 silly reify ]
39 verbose reify failed optional dependency C:\Users\赖炫池\Desktop\ai-coding-assistant\node_modules\@rolldown\binding-win32-arm64-msvc
40 silly reify mark deleted [
40 silly reify   'C:\\Users\\赖炫池\\Desktop\\ai-coding-assistant\\node_modules\\@rolldown\\binding-win32-arm64-msvc'
40 silly reify ]
41 verbose reify failed optional dependency C:\Users\赖炫池\Desktop\ai-coding-assistant\node_modules\@rolldown\binding-wasm32-wasi
42 silly reify mark deleted [
42 silly reify   'C:\\Users\\赖炫池\\Desktop\\ai-coding-assistant\\node_modules\\@rolldown\\binding-wasm32-wasi'
42 silly reify ]
43 verbose reify failed optional dependency C:\Users\赖炫池\Desktop\ai-coding-assistant\node_modules\@emnapi\core
44 silly reify mark deleted [
44 silly reify   'C:\\Users\\赖炫池\\Desktop\\ai-coding-assistant\\node_modules\\@emnapi\\core'
44 silly reify ]
45 verbose reify failed optional dependency C:\Users\赖炫池\Desktop\ai-coding-assistant\node_modules\@emnapi\runtime
46 silly reify mark deleted [
46 silly reify   'C:\\Users\\赖炫池\\Desktop\\ai-coding-assistant\\node_modules\\@emnapi\\runtime'
46 silly reify ]
47 verbose reify failed optional dependency C:\Users\赖炫池\Desktop\ai-coding-assistant\node_modules\@napi-rs\wasm-runtime
48 silly reify mark deleted [
48 silly reify   'C:\\Users\\赖炫池\\Desktop\\ai-coding-assistant\\node_modules\\@napi-rs\\wasm-runtime'
48 silly reify ]
49 verbose reify failed optional dependency C:\Users\赖炫池\Desktop\ai-coding-assistant\node_modules\@emnapi\wasi-threads
50 silly reify mark deleted [
50 silly reify   'C:\\Users\\赖炫池\\Desktop\\ai-coding-assistant\\node_modules\\@emnapi\\wasi-threads'
50 silly reify ]
51 verbose reify failed optional dependency C:\Users\赖炫池\Desktop\ai-coding-assistant\node_modules\tslib
52 silly reify mark deleted [ 'C:\\Users\\赖炫池\\Desktop\\ai-coding-assistant\\node_modules\\tslib' ]
53 verbose reify failed optional dependency C:\Users\赖炫池\Desktop\ai-coding-assistant\node_modules\@tybys\wasm-util
54 silly reify mark deleted [
54 silly reify   'C:\\Users\\赖炫池\\Desktop\\ai-coding-assistant\\node_modules\\@tybys\\wasm-util'
54 silly reify ]
55 verbose reify failed optional dependency C:\Users\赖炫池\Desktop\ai-coding-assistant\node_modules\@rolldown\binding-openharmony-arm64
56 silly reify mark deleted [
56 silly reify   'C:\\Users\\赖炫池\\Desktop\\ai-coding-assistant\\node_modules\\@rolldown\\binding-openharmony-arm64'
56 silly reify ]
57 verbose reify failed optional dependency C:\Users\赖炫池\Desktop\ai-coding-assistant\node_modules\@rolldown\binding-linux-x64-musl
58 silly reify mark deleted [
58 silly reify   'C:\\Users\\赖炫池\\Desktop\\ai-coding-assistant\\node_modules\\@rolldown\\binding-linux-x64-musl'
58 silly reify ]
59 verbose reify failed optional dependency C:\Users\赖炫池\Desktop\ai-coding-assistant\node_modules\@rolldown\binding-linux-x64-gnu
60 silly reify mark deleted [
60 silly reify   'C:\\Users\\赖炫池\\Desktop\\ai-coding-assistant\\node_modules\\@rolldown\\binding-linux-x64-gnu'
60 silly reify ]
61 verbose reify failed optional dependency C:\Users\赖炫池\Desktop\ai-coding-assistant\node_modules\@rolldown\binding-linux-s390x-gnu
62 silly reify mark deleted [
62 silly reify   'C:\\Users\\赖炫池\\Desktop\\ai-coding-assistant\\node_modules\\@rolldown\\binding-linux-s390x-gnu'
62 silly reify ]
63 verbose reify failed optional dependency C:\Users\赖炫池\Desktop\ai-coding-assistant\node_modules\@rolldown\binding-linux-ppc64-gnu
64 silly reify mark deleted [
64 silly reify   'C:\\Users\\赖炫池\\Desktop\\ai-coding-assistant\\node_modules\\@rolldown\\binding-linux-ppc64-gnu'
64 silly reify ]
65 verbose reify failed optional dependency C:\Users\赖炫池\Desktop\ai-coding-assistant\node_modules\@rolldown\binding-linux-arm64-musl
66 silly reify mark deleted [
66 silly reify   'C:\\Users\\赖炫池\\Desktop\\ai-coding-assistant\\node_modules\\@rolldown\\binding-linux-arm64-musl'
66 silly reify ]
67 verbose reify failed optional dependency C:\Users\赖炫池\Desktop\ai-coding-assistant\node_modules\@rolldown\binding-linux-arm64-gnu
68 silly reify mark deleted [
68 silly reify   'C:\\Users\\赖炫池\\Desktop\\ai-coding-assistant\\node_modules\\@rolldown\\binding-linux-arm64-gnu'
68 silly reify ]
69 verbose reify failed optional dependency C:\Users\赖炫池\Desktop\ai-coding-assistant\node_modules\@rolldown\binding-linux-arm-gnueabihf
70 silly reify mark deleted [
70 silly reify   'C:\\Users\\赖炫池\\Desktop\\ai-coding-assistant\\node_modules\\@rolldown\\binding-linux-arm-gnueabihf'
70 silly reify ]
71 verbose reify failed optional dependency C:\Users\赖炫池\Desktop\ai-coding-assistant\node_modules\@rolldown\binding-freebsd-x64
72 silly reify mark deleted [
72 silly reify   'C:\\Users\\赖炫池\\Desktop\\ai-coding-assistant\\node_modules\\@rolldown\\binding-freebsd-x64'
72 silly reify ]
73 verbose reify failed optional dependency C:\Users\赖炫池\Desktop\ai-coding-assistant\node_modules\@rolldown\binding-darwin-x64
74 silly reify mark deleted [
74 silly reify   'C:\\Users\\赖炫池\\Desktop\\ai-coding-assistant\\node_modules\\@rolldown\\binding-darwin-x64'
74 silly reify ]
75 verbose reify failed optional dependency C:\Users\赖炫池\Desktop\ai-coding-assistant\node_modules\@rolldown\binding-darwin-arm64
76 silly reify mark deleted [
76 silly reify   'C:\\Users\\赖炫池\\Desktop\\ai-coding-assistant\\node_modules\\@rolldown\\binding-darwin-arm64'
76 silly reify ]
77 verbose reify failed optional dependency C:\Users\赖炫池\Desktop\ai-coding-assistant\node_modules\@rolldown\binding-android-arm64
78 silly reify mark deleted [
78 silly reify   'C:\\Users\\赖炫池\\Desktop\\ai-coding-assistant\\node_modules\\@rolldown\\binding-android-arm64'
78 silly reify ]
79 http fetch POST 200 https://registry.npmjs.org/-/npm/v1/security/advisories/bulk 438ms
80 silly audit report {}
81 silly ADD
82 silly ADD
83 silly ADD
84 silly ADD
85 silly ADD
86 silly ADD
87 silly ADD
88 silly ADD
89 silly ADD
90 silly ADD
91 silly ADD
92 silly ADD
93 silly ADD
94 silly ADD
95 silly ADD
96 silly ADD
97 silly ADD
98 silly ADD
99 silly ADD
100 silly ADD
101 silly ADD
102 silly ADD
103 silly ADD
104 silly ADD
105 silly ADD
106 silly ADD
107 silly ADD
108 silly ADD
109 silly ADD
110 silly ADD
111 silly ADD
112 verbose cwd C:\Users\赖炫池\Desktop\ai-coding-assistant
113 verbose os Windows_NT 10.0.26200
114 verbose node v22.12.0
115 verbose npm  v10.9.0
116 verbose exit 0
117 info ok
