0 verbose cli C:\Program Files\nodejs\node.exe C:\Program Files\nodejs\node_modules\npm\bin\npm-cli.js
1 info using npm@10.9.0
2 info using node@v22.12.0
3 silly config load:file:C:\Program Files\nodejs\node_modules\npm\npmrc
4 silly config load:file:C:\Users\赖炫池\Desktop\ai-coding-assistant\.npmrc
5 silly config load:file:C:\Users\赖炫池\.npmrc
6 silly config load:file:C:\Users\赖炫池\Desktop\ai-coding-assistant\刚才创建的node_global文件夹的路径\etc\npmrc
7 verbose title npm install @vitejs/plugin-react@^5.0.4
8 verbose argv "install" "@vitejs/plugin-react@^5.0.4" "--save-dev"
9 verbose logfile logs-max:10 dir:C:\Users\赖炫池\Desktop\ai-coding-assistant\刚才创建的node_global文件夹的路径\_logs\2026-04-12T14_28_44_938Z-
10 verbose logfile C:\Users\赖炫池\Desktop\ai-coding-assistant\刚才创建的node_global文件夹的路径\_logs\2026-04-12T14_28_44_938Z-debug-0.log
11 silly logfile done cleaning log files
12 silly packumentCache heap:2197815296 maxSize:549453824 maxEntrySize:274726912
13 silly idealTree buildDeps
14 silly fetch manifest @vitejs/plugin-react@^5.0.4
15 silly packumentCache full:https://registry.npmjs.org/@vitejs%2fplugin-react cache-miss
16 verbose shrinkwrap failed to load node_modules/.package-lock.json out of date, updated: node_modules
17 http fetch GET 200 https://registry.npmjs.org/@vitejs%2fplugin-react 358ms (cache miss)
18 silly packumentCache full:https://registry.npmjs.org/@vitejs%2fplugin-react set size:undefined disposed:false
19 silly fetch manifest vite@^8.0.8
20 silly packumentCache full:https://registry.npmjs.org/vite cache-miss
21 http fetch GET 200 https://registry.npmjs.org/vite 172ms (cache revalidated)
22 silly packumentCache full:https://registry.npmjs.org/vite set size:38805901 disposed:false
23 silly fetch manifest @types/node@^20.19.0 || >=22.12.0
24 silly packumentCache full:https://registry.npmjs.org/@types%2fnode cache-miss
25 http fetch GET 200 https://registry.npmjs.org/@types%2fnode 106ms (cache revalidated)
26 silly packumentCache full:https://registry.npmjs.org/@types%2fnode set size:10972342 disposed:false
27 silly fetch manifest @vitejs/devtools@^0.1.0
28 silly packumentCache full:https://registry.npmjs.org/@vitejs%2fdevtools cache-miss
29 http fetch GET 200 https://registry.npmjs.org/@vitejs%2fdevtools 98ms (cache revalidated)
30 silly packumentCache full:https://registry.npmjs.org/@vitejs%2fdevtools set size:166185 disposed:false
31 silly fetch manifest esbuild@^0.27.0 || ^0.28.0
32 silly packumentCache full:https://registry.npmjs.org/esbuild cache-miss
33 http fetch GET 200 https://registry.npmjs.org/esbuild 87ms (cache revalidated)
34 silly packumentCache full:https://registry.npmjs.org/esbuild set size:1254708 disposed:false
35 silly fetch manifest jiti@>=1.21.0
36 silly packumentCache full:https://registry.npmjs.org/jiti cache-miss
37 http fetch GET 200 https://registry.npmjs.org/jiti 79ms (cache revalidated)
38 silly packumentCache full:https://registry.npmjs.org/jiti set size:382310 disposed:false
39 silly fetch manifest less@^4.0.0
40 silly packumentCache full:https://registry.npmjs.org/less cache-miss
41 http fetch GET 200 https://registry.npmjs.org/less 81ms (cache revalidated)
42 silly packumentCache full:https://registry.npmjs.org/less set size:461684 disposed:false
43 silly fetch manifest sass@^1.70.0
44 silly packumentCache full:https://registry.npmjs.org/sass cache-miss
45 http fetch GET 200 https://registry.npmjs.org/sass 78ms (cache revalidated)
46 silly packumentCache full:https://registry.npmjs.org/sass set size:726244 disposed:false
47 silly fetch manifest sass-embedded@^1.70.0
48 silly packumentCache full:https://registry.npmjs.org/sass-embedded cache-miss
49 http fetch GET 200 https://registry.npmjs.org/sass-embedded 82ms (cache revalidated)
50 silly packumentCache full:https://registry.npmjs.org/sass-embedded set size:415594 disposed:false
51 silly fetch manifest stylus@>=0.54.8
52 silly packumentCache full:https://registry.npmjs.org/stylus cache-miss
53 http fetch GET 200 https://registry.npmjs.org/stylus 82ms (cache revalidated)
54 silly packumentCache full:https://registry.npmjs.org/stylus set size:286766 disposed:false
55 silly fetch manifest sugarss@^5.0.0
56 silly packumentCache full:https://registry.npmjs.org/sugarss cache-miss
57 http fetch GET 200 https://registry.npmjs.org/sugarss 84ms (cache revalidated)
58 silly packumentCache full:https://registry.npmjs.org/sugarss set size:44975 disposed:false
59 silly fetch manifest postcss@^8.3.3
60 silly packumentCache full:https://registry.npmjs.org/postcss cache-miss
61 http fetch GET 200 https://registry.npmjs.org/postcss 78ms (cache revalidated)
62 silly packumentCache full:https://registry.npmjs.org/postcss set size:705229 disposed:false
63 silly fetch manifest terser@^5.16.0
64 silly packumentCache full:https://registry.npmjs.org/terser cache-miss
65 http fetch GET 200 https://registry.npmjs.org/terser 78ms (cache revalidated)
66 silly packumentCache full:https://registry.npmjs.org/terser set size:789927 disposed:false
67 silly fetch manifest tsx@^4.8.1
68 silly packumentCache full:https://registry.npmjs.org/tsx cache-miss
69 http fetch GET 200 https://registry.npmjs.org/tsx 77ms (cache revalidated)
70 silly packumentCache full:https://registry.npmjs.org/tsx set size:289592 disposed:false
71 silly fetch manifest yaml@^2.4.2
72 silly packumentCache full:https://registry.npmjs.org/yaml cache-miss
73 http fetch GET 200 https://registry.npmjs.org/yaml 80ms (cache revalidated)
74 silly packumentCache full:https://registry.npmjs.org/yaml set size:375230 disposed:false
75 silly placeDep ROOT @vitejs/plugin-react@5.2.0 OK for: ai-coding-assistant@1.0.0 want: ^5.0.4
76 silly fetch manifest @babel/core@^7.29.0
77 silly packumentCache full:https://registry.npmjs.org/@babel%2fcore cache-miss
78 silly fetch manifest react-refresh@^0.18.0
79 silly packumentCache full:https://registry.npmjs.org/react-refresh cache-miss
80 silly fetch manifest @types/babel__core@^7.20.5
81 silly packumentCache full:https://registry.npmjs.org/@types%2fbabel__core cache-miss
82 silly fetch manifest @rolldown/pluginutils@1.0.0-rc.3
83 silly packumentCache full:https://registry.npmjs.org/@rolldown%2fpluginutils cache-miss
84 silly fetch manifest @babel/plugin-transform-react-jsx-self@^7.27.1
85 silly packumentCache full:https://registry.npmjs.org/@babel%2fplugin-transform-react-jsx-self cache-miss
86 silly fetch manifest @babel/plugin-transform-react-jsx-source@^7.27.1
87 silly packumentCache full:https://registry.npmjs.org/@babel%2fplugin-transform-react-jsx-source cache-miss
88 http fetch GET 200 https://registry.npmjs.org/@babel%2fcore 175ms (cache miss)
89 silly packumentCache full:https://registry.npmjs.org/@babel%2fcore set size:undefined disposed:false
90 http fetch GET 200 https://registry.npmjs.org/@babel%2fplugin-transform-react-jsx-self 271ms (cache miss)
91 silly packumentCache full:https://registry.npmjs.org/@babel%2fplugin-transform-react-jsx-self set size:undefined disposed:false
92 http fetch GET 200 https://registry.npmjs.org/@rolldown%2fpluginutils 275ms (cache revalidated)
93 silly packumentCache full:https://registry.npmjs.org/@rolldown%2fpluginutils set size:284463 disposed:false
94 http fetch GET 200 https://registry.npmjs.org/@types%2fbabel__core 285ms (cache miss)
95 silly packumentCache full:https://registry.npmjs.org/@types%2fbabel__core set size:undefined disposed:false
96 http fetch GET 200 https://registry.npmjs.org/@babel%2fplugin-transform-react-jsx-source 285ms (cache miss)
97 silly packumentCache full:https://registry.npmjs.org/@babel%2fplugin-transform-react-jsx-source set size:undefined disposed:false
98 http fetch GET 200 https://registry.npmjs.org/react-refresh 555ms (cache miss)
99 silly packumentCache full:https://registry.npmjs.org/react-refresh set size:undefined disposed:false
100 silly placeDep ROOT @babel/core@7.29.0 OK for: @vitejs/plugin-react@5.2.0 want: ^7.29.0
101 silly placeDep ROOT @babel/plugin-transform-react-jsx-self@7.27.1 OK for: @vitejs/plugin-react@5.2.0 want: ^7.27.1
102 silly placeDep ROOT @babel/plugin-transform-react-jsx-source@7.27.1 OK for: @vitejs/plugin-react@5.2.0 want: ^7.27.1
103 silly placeDep node_modules/@vitejs/plugin-react @rolldown/pluginutils@1.0.0-rc.3 OK for: @vitejs/plugin-react@5.2.0 want: 1.0.0-rc.3
104 silly placeDep ROOT @types/babel__core@7.20.5 OK for: @vitejs/plugin-react@5.2.0 want: ^7.20.5
105 silly placeDep ROOT react-refresh@0.18.0 OK for: @vitejs/plugin-react@5.2.0 want: ^0.18.0
106 silly fetch manifest debug@^4.1.0
107 silly packumentCache full:https://registry.npmjs.org/debug cache-miss
108 silly fetch manifest json5@^2.2.3
109 silly packumentCache full:https://registry.npmjs.org/json5 cache-miss
110 silly fetch manifest semver@^6.3.1
111 silly packumentCache full:https://registry.npmjs.org/semver cache-miss
112 silly fetch manifest gensync@^1.0.0-beta.2
113 silly packumentCache full:https://registry.npmjs.org/gensync cache-miss
114 silly fetch manifest @babel/types@^7.29.0
115 silly packumentCache full:https://registry.npmjs.org/@babel%2ftypes cache-miss
116 silly fetch manifest @babel/parser@^7.29.0
117 silly packumentCache full:https://registry.npmjs.org/@babel%2fparser cache-miss
118 silly fetch manifest @babel/helpers@^7.28.6
119 silly packumentCache full:https://registry.npmjs.org/@babel%2fhelpers cache-miss
120 silly fetch manifest @babel/template@^7.28.6
121 silly packumentCache full:https://registry.npmjs.org/@babel%2ftemplate cache-miss
122 silly fetch manifest @babel/traverse@^7.29.0
123 silly packumentCache full:https://registry.npmjs.org/@babel%2ftraverse cache-miss
124 silly fetch manifest @babel/generator@^7.29.0
125 silly packumentCache full:https://registry.npmjs.org/@babel%2fgenerator cache-miss
126 silly fetch manifest @babel/code-frame@^7.29.0
127 silly packumentCache full:https://registry.npmjs.org/@babel%2fcode-frame cache-miss
128 silly fetch manifest convert-source-map@^2.0.0
129 silly packumentCache full:https://registry.npmjs.org/convert-source-map cache-miss
130 silly fetch manifest @jridgewell/remapping@^2.3.5
131 silly packumentCache full:https://registry.npmjs.org/@jridgewell%2fremapping cache-miss
132 silly fetch manifest @babel/helper-module-transforms@^7.28.6
133 silly packumentCache full:https://registry.npmjs.org/@babel%2fhelper-module-transforms cache-miss
134 silly fetch manifest @babel/helper-compilation-targets@^7.28.6
135 silly packumentCache full:https://registry.npmjs.org/@babel%2fhelper-compilation-targets cache-miss
136 silly fetch manifest @babel/helper-plugin-utils@^7.27.1
137 silly packumentCache full:https://registry.npmjs.org/@babel%2fhelper-plugin-utils cache-miss
138 silly fetch manifest @babel/helper-plugin-utils@^7.27.1
139 silly packumentCache full:https://registry.npmjs.org/@babel%2fhelper-plugin-utils cache-miss
140 silly fetch manifest @babel/types@^7.20.7
141 silly packumentCache full:https://registry.npmjs.org/@babel%2ftypes cache-miss
142 silly fetch manifest @babel/parser@^7.20.7
143 silly packumentCache full:https://registry.npmjs.org/@babel%2fparser cache-miss
144 silly fetch manifest @types/babel__template@*
145 silly packumentCache full:https://registry.npmjs.org/@types%2fbabel__template cache-miss
146 silly fetch manifest @types/babel__traverse@*
147 silly packumentCache full:https://registry.npmjs.org/@types%2fbabel__traverse cache-miss
148 silly fetch manifest @types/babel__generator@*
149 silly packumentCache full:https://registry.npmjs.org/@types%2fbabel__generator cache-miss
150 http fetch GET 200 https://registry.npmjs.org/gensync 86ms (cache miss)
151 silly packumentCache full:https://registry.npmjs.org/gensync set size:undefined disposed:false
152 http fetch GET 200 https://registry.npmjs.org/json5 89ms (cache miss)
153 silly packumentCache full:https://registry.npmjs.org/json5 set size:undefined disposed:false
154 http fetch GET 200 https://registry.npmjs.org/debug 93ms (cache miss)
155 silly packumentCache full:https://registry.npmjs.org/debug set size:undefined disposed:false
156 http fetch GET 200 https://registry.npmjs.org/semver 96ms (cache miss)
157 silly packumentCache full:https://registry.npmjs.org/semver set size:undefined disposed:false
158 http fetch GET 200 https://registry.npmjs.org/@babel%2fparser 118ms (cache miss)
159 silly packumentCache full:https://registry.npmjs.org/@babel%2fparser set size:undefined disposed:false
160 http fetch GET 200 https://registry.npmjs.org/@babel%2ftypes 183ms (cache miss)
161 silly packumentCache full:https://registry.npmjs.org/@babel%2ftypes set size:undefined disposed:false
162 http fetch GET 200 https://registry.npmjs.org/@babel%2fhelper-plugin-utils 189ms (cache miss)
163 silly packumentCache full:https://registry.npmjs.org/@babel%2fhelper-plugin-utils set size:undefined disposed:false
164 http fetch GET 200 https://registry.npmjs.org/@babel%2fhelper-plugin-utils 193ms (cache miss)
165 silly packumentCache full:https://registry.npmjs.org/@babel%2fhelper-plugin-utils set size:undefined disposed:false
166 http fetch GET 200 https://registry.npmjs.org/@babel%2ftypes 200ms (cache miss)
167 silly packumentCache full:https://registry.npmjs.org/@babel%2ftypes set size:undefined disposed:false
168 http fetch GET 200 https://registry.npmjs.org/@types%2fbabel__template 215ms (cache miss)
169 silly packumentCache full:https://registry.npmjs.org/@types%2fbabel__template set size:undefined disposed:false
170 http fetch GET 200 https://registry.npmjs.org/@babel%2fparser 260ms (cache miss)
171 silly packumentCache full:https://registry.npmjs.org/@babel%2fparser set size:undefined disposed:false
172 http fetch GET 200 https://registry.npmjs.org/@types%2fbabel__generator 268ms (cache miss)
173 silly packumentCache full:https://registry.npmjs.org/@types%2fbabel__generator set size:undefined disposed:false
174 http fetch GET 200 https://registry.npmjs.org/@jridgewell%2fremapping 279ms (cache miss)
175 silly packumentCache full:https://registry.npmjs.org/@jridgewell%2fremapping set size:undefined disposed:false
176 http fetch GET 200 https://registry.npmjs.org/@types%2fbabel__traverse 280ms (cache miss)
177 silly packumentCache full:https://registry.npmjs.org/@types%2fbabel__traverse set size:undefined disposed:false
178 http fetch GET 200 https://registry.npmjs.org/@babel%2ftemplate 285ms (cache miss)
179 silly packumentCache full:https://registry.npmjs.org/@babel%2ftemplate set size:undefined disposed:false
180 http fetch GET 200 https://registry.npmjs.org/@babel%2fhelper-compilation-targets 290ms (cache miss)
181 silly packumentCache full:https://registry.npmjs.org/@babel%2fhelper-compilation-targets set size:undefined disposed:false
182 http fetch GET 200 https://registry.npmjs.org/@babel%2fcode-frame 293ms (cache miss)
183 silly packumentCache full:https://registry.npmjs.org/@babel%2fcode-frame set size:undefined disposed:false
184 http fetch GET 200 https://registry.npmjs.org/@babel%2fhelpers 342ms (cache miss)
185 silly packumentCache full:https://registry.npmjs.org/@babel%2fhelpers set size:undefined disposed:false
186 http fetch GET 200 https://registry.npmjs.org/@babel%2fgenerator 352ms (cache miss)
187 silly packumentCache full:https://registry.npmjs.org/@babel%2fgenerator set size:undefined disposed:false
188 http fetch GET 200 https://registry.npmjs.org/@babel%2ftraverse 360ms (cache miss)
189 silly packumentCache full:https://registry.npmjs.org/@babel%2ftraverse set size:undefined disposed:false
190 http fetch GET 200 https://registry.npmjs.org/@babel%2fhelper-module-transforms 371ms (cache miss)
191 silly packumentCache full:https://registry.npmjs.org/@babel%2fhelper-module-transforms set size:undefined disposed:false
192 http fetch GET 200 https://registry.npmjs.org/convert-source-map 713ms (cache miss)
193 silly packumentCache full:https://registry.npmjs.org/convert-source-map set size:undefined disposed:false
194 silly fetch manifest @babel/core@^7.0.0
195 silly packumentCache full:https://registry.npmjs.org/@babel%2fcore cache-miss
196 http fetch GET 200 https://registry.npmjs.org/@babel%2fcore 8ms (cache hit)
197 silly packumentCache full:https://registry.npmjs.org/@babel%2fcore set size:760113 disposed:false
198 silly placeDep ROOT @babel/code-frame@7.29.0 OK for: @babel/core@7.29.0 want: ^7.29.0
199 silly placeDep ROOT @babel/generator@7.29.1 OK for: @babel/core@7.29.0 want: ^7.29.0
200 silly placeDep ROOT @babel/helper-compilation-targets@7.28.6 OK for: @babel/core@7.29.0 want: ^7.28.6
201 silly placeDep ROOT @babel/helper-module-transforms@7.28.6 OK for: @babel/core@7.29.0 want: ^7.28.6
202 silly placeDep ROOT @babel/helpers@7.29.2 OK for: @babel/core@7.29.0 want: ^7.28.6
203 silly placeDep ROOT @babel/parser@7.29.2 OK for: @babel/core@7.29.0 want: ^7.29.0
204 silly placeDep ROOT @babel/template@7.28.6 OK for: @babel/core@7.29.0 want: ^7.28.6
205 silly placeDep ROOT @babel/traverse@7.29.0 OK for: @babel/core@7.29.0 want: ^7.29.0
206 silly placeDep ROOT @babel/types@7.29.0 OK for: @babel/core@7.29.0 want: ^7.29.0
207 silly placeDep ROOT @jridgewell/remapping@2.3.5 OK for: @babel/core@7.29.0 want: ^2.3.5
208 silly placeDep ROOT convert-source-map@2.0.0 OK for: @babel/core@7.29.0 want: ^2.0.0
209 silly placeDep ROOT debug@4.4.3 OK for: @babel/core@7.29.0 want: ^4.1.0
210 silly placeDep ROOT gensync@1.0.0-beta.2 OK for: @babel/core@7.29.0 want: ^1.0.0-beta.2
211 silly placeDep ROOT json5@2.2.3 OK for: @babel/core@7.29.0 want: ^2.2.3
212 silly placeDep ROOT semver@6.3.1 OK for: @babel/core@7.29.0 want: ^6.3.1
213 silly fetch manifest js-tokens@^4.0.0
214 silly packumentCache full:https://registry.npmjs.org/js-tokens cache-miss
215 silly fetch manifest @babel/helper-validator-identifier@^7.28.5
216 silly packumentCache full:https://registry.npmjs.org/@babel%2fhelper-validator-identifier cache-miss
217 silly fetch manifest jsesc@^3.0.2
218 silly packumentCache full:https://registry.npmjs.org/jsesc cache-miss
219 silly fetch manifest @jridgewell/gen-mapping@^0.3.12
220 silly packumentCache full:https://registry.npmjs.org/@jridgewell%2fgen-mapping cache-miss
221 silly fetch manifest @jridgewell/trace-mapping@^0.3.28
222 silly packumentCache full:https://registry.npmjs.org/@jridgewell%2ftrace-mapping cache-miss
223 silly fetch manifest lru-cache@^5.1.1
224 silly packumentCache full:https://registry.npmjs.org/lru-cache cache-miss
225 silly fetch manifest browserslist@^4.24.0
226 silly packumentCache full:https://registry.npmjs.org/browserslist cache-miss
227 silly fetch manifest @babel/compat-data@^7.28.6
228 silly packumentCache full:https://registry.npmjs.org/@babel%2fcompat-data cache-miss
229 silly fetch manifest @babel/helper-validator-option@^7.27.1
230 silly packumentCache full:https://registry.npmjs.org/@babel%2fhelper-validator-option cache-miss
231 silly fetch manifest @babel/traverse@^7.28.6
232 silly packumentCache full:https://registry.npmjs.org/@babel%2ftraverse cache-miss
233 silly fetch manifest @babel/helper-module-imports@^7.28.6
234 silly packumentCache full:https://registry.npmjs.org/@babel%2fhelper-module-imports cache-miss
235 silly fetch manifest @babel/helper-validator-identifier@^7.28.5
236 silly packumentCache full:https://registry.npmjs.org/@babel%2fhelper-validator-identifier cache-miss
237 silly fetch manifest @babel/types@^7.28.6
238 silly packumentCache full:https://registry.npmjs.org/@babel%2ftypes cache-miss
239 silly fetch manifest debug@^4.3.1
240 silly packumentCache full:https://registry.npmjs.org/debug cache-miss
241 silly fetch manifest @babel/helper-globals@^7.28.0
242 silly packumentCache full:https://registry.npmjs.org/@babel%2fhelper-globals cache-miss
243 silly fetch manifest @babel/helper-string-parser@^7.27.1
244 silly packumentCache full:https://registry.npmjs.org/@babel%2fhelper-string-parser cache-miss
245 silly fetch manifest @babel/helper-validator-identifier@^7.28.5
246 silly packumentCache full:https://registry.npmjs.org/@babel%2fhelper-validator-identifier cache-miss
247 silly fetch manifest @jridgewell/gen-mapping@^0.3.5
248 silly packumentCache full:https://registry.npmjs.org/@jridgewell%2fgen-mapping cache-miss
249 silly fetch manifest @jridgewell/trace-mapping@^0.3.24
250 silly packumentCache full:https://registry.npmjs.org/@jridgewell%2ftrace-mapping cache-miss
251 silly fetch manifest ms@^2.1.3
252 silly packumentCache full:https://registry.npmjs.org/ms cache-miss
253 http fetch GET 200 https://registry.npmjs.org/@babel%2ftypes 12ms (cache hit)
254 silly packumentCache full:https://registry.npmjs.org/@babel%2ftypes set size:487885 disposed:false
255 http fetch GET 200 https://registry.npmjs.org/debug 16ms (cache hit)
256 silly packumentCache full:https://registry.npmjs.org/debug set size:195840 disposed:false
257 http fetch GET 200 https://registry.npmjs.org/@babel%2ftraverse 18ms (cache hit)
258 silly packumentCache full:https://registry.npmjs.org/@babel%2ftraverse set size:548722 disposed:false
259 http fetch GET 200 https://registry.npmjs.org/jsesc 82ms (cache miss)
260 silly packumentCache full:https://registry.npmjs.org/jsesc set size:undefined disposed:false
261 http fetch GET 200 https://registry.npmjs.org/js-tokens 102ms (cache miss)
262 silly packumentCache full:https://registry.npmjs.org/js-tokens set size:undefined disposed:false
263 http fetch GET 200 https://registry.npmjs.org/@babel%2fhelper-validator-identifier 107ms (cache miss)
264 silly packumentCache full:https://registry.npmjs.org/@babel%2fhelper-validator-identifier set size:undefined disposed:false
265 http fetch GET 200 https://registry.npmjs.org/@babel%2fhelper-validator-option 111ms (cache miss)
266 silly packumentCache full:https://registry.npmjs.org/@babel%2fhelper-validator-option set size:undefined disposed:false
267 http fetch GET 200 https://registry.npmjs.org/@jridgewell%2fgen-mapping 112ms (cache miss)
268 silly packumentCache full:https://registry.npmjs.org/@jridgewell%2fgen-mapping set size:undefined disposed:false
269 http fetch GET 200 https://registry.npmjs.org/@babel%2fhelper-module-imports 112ms (cache miss)
270 silly packumentCache full:https://registry.npmjs.org/@babel%2fhelper-module-imports set size:undefined disposed:false
271 http fetch GET 200 https://registry.npmjs.org/@babel%2fhelper-validator-identifier 113ms (cache miss)
272 silly packumentCache full:https://registry.npmjs.org/@babel%2fhelper-validator-identifier set size:undefined disposed:false
273 http fetch GET 200 https://registry.npmjs.org/@babel%2fhelper-validator-identifier 114ms (cache miss)
274 silly packumentCache full:https://registry.npmjs.org/@babel%2fhelper-validator-identifier set size:undefined disposed:false
275 http fetch GET 200 https://registry.npmjs.org/@babel%2fhelper-string-parser 115ms (cache miss)
276 silly packumentCache full:https://registry.npmjs.org/@babel%2fhelper-string-parser set size:undefined disposed:false
277 http fetch GET 200 https://registry.npmjs.org/@babel%2fhelper-globals 116ms (cache miss)
278 silly packumentCache full:https://registry.npmjs.org/@babel%2fhelper-globals set size:undefined disposed:false
279 http fetch GET 200 https://registry.npmjs.org/@jridgewell%2ftrace-mapping 118ms (cache miss)
280 silly packumentCache full:https://registry.npmjs.org/@jridgewell%2ftrace-mapping set size:undefined disposed:false
281 http fetch GET 200 https://registry.npmjs.org/@babel%2fcompat-data 125ms (cache miss)
282 silly packumentCache full:https://registry.npmjs.org/@babel%2fcompat-data set size:undefined disposed:false
283 http fetch GET 200 https://registry.npmjs.org/lru-cache 146ms (cache miss)
284 silly packumentCache full:https://registry.npmjs.org/lru-cache set size:undefined disposed:false
285 http fetch GET 200 https://registry.npmjs.org/browserslist 155ms (cache miss)
286 silly packumentCache full:https://registry.npmjs.org/browserslist set size:undefined disposed:false
287 http fetch GET 200 https://registry.npmjs.org/ms 160ms (cache miss)
288 silly packumentCache full:https://registry.npmjs.org/ms set size:undefined disposed:false
289 http fetch GET 200 https://registry.npmjs.org/@jridgewell%2fgen-mapping 162ms (cache miss)
290 silly packumentCache full:https://registry.npmjs.org/@jridgewell%2fgen-mapping set size:undefined disposed:false
291 http fetch GET 200 https://registry.npmjs.org/@jridgewell%2ftrace-mapping 193ms (cache miss)
292 silly packumentCache full:https://registry.npmjs.org/@jridgewell%2ftrace-mapping set size:undefined disposed:false
293 silly placeDep ROOT @babel/helper-validator-identifier@7.28.5 OK for: @babel/code-frame@7.29.0 want: ^7.28.5
294 silly placeDep ROOT js-tokens@4.0.0 OK for: @babel/code-frame@7.29.0 want: ^4.0.0
295 silly placeDep ROOT @jridgewell/gen-mapping@0.3.13 OK for: @babel/generator@7.29.1 want: ^0.3.12
296 silly placeDep ROOT @jridgewell/trace-mapping@0.3.31 OK for: @babel/generator@7.29.1 want: ^0.3.28
297 silly placeDep ROOT jsesc@3.1.0 OK for: @babel/generator@7.29.1 want: ^3.0.2
298 silly fetch manifest @jridgewell/sourcemap-codec@^1.5.0
299 silly packumentCache full:https://registry.npmjs.org/@jridgewell%2fsourcemap-codec cache-miss
300 silly fetch manifest @jridgewell/resolve-uri@^3.1.0
301 silly packumentCache full:https://registry.npmjs.org/@jridgewell%2fresolve-uri cache-miss
302 silly fetch manifest @jridgewell/sourcemap-codec@^1.4.14
303 silly packumentCache full:https://registry.npmjs.org/@jridgewell%2fsourcemap-codec cache-miss
304 http fetch GET 200 https://registry.npmjs.org/@jridgewell%2fresolve-uri 105ms (cache miss)
305 silly packumentCache full:https://registry.npmjs.org/@jridgewell%2fresolve-uri set size:undefined disposed:false
306 http fetch GET 200 https://registry.npmjs.org/@jridgewell%2fsourcemap-codec 107ms (cache miss)
307 silly packumentCache full:https://registry.npmjs.org/@jridgewell%2fsourcemap-codec set size:undefined disposed:false
308 http fetch GET 200 https://registry.npmjs.org/@jridgewell%2fsourcemap-codec 124ms (cache miss)
309 silly packumentCache full:https://registry.npmjs.org/@jridgewell%2fsourcemap-codec set size:undefined disposed:false
310 silly placeDep ROOT @babel/compat-data@7.29.0 OK for: @babel/helper-compilation-targets@7.28.6 want: ^7.28.6
311 silly placeDep ROOT @babel/helper-validator-option@7.27.1 OK for: @babel/helper-compilation-targets@7.28.6 want: ^7.27.1
312 silly placeDep ROOT browserslist@4.28.2 OK for: @babel/helper-compilation-targets@7.28.6 want: ^4.24.0
313 silly placeDep ROOT lru-cache@5.1.1 OK for: @babel/helper-compilation-targets@7.28.6 want: ^5.1.1
314 silly fetch manifest baseline-browser-mapping@^2.10.12
315 silly packumentCache full:https://registry.npmjs.org/baseline-browser-mapping cache-miss
316 silly fetch manifest caniuse-lite@^1.0.30001782
317 silly packumentCache full:https://registry.npmjs.org/caniuse-lite cache-miss
318 silly fetch manifest electron-to-chromium@^1.5.328
319 silly packumentCache full:https://registry.npmjs.org/electron-to-chromium cache-miss
320 silly fetch manifest node-releases@^2.0.36
321 silly packumentCache full:https://registry.npmjs.org/node-releases cache-miss
322 silly fetch manifest update-browserslist-db@^1.2.3
323 silly packumentCache full:https://registry.npmjs.org/update-browserslist-db cache-miss
324 silly fetch manifest yallist@^3.0.2
325 silly packumentCache full:https://registry.npmjs.org/yallist cache-miss
326 http fetch GET 200 https://registry.npmjs.org/yallist 88ms (cache miss)
327 silly packumentCache full:https://registry.npmjs.org/yallist set size:undefined disposed:false
328 http fetch GET 200 https://registry.npmjs.org/update-browserslist-db 94ms (cache miss)
329 silly packumentCache full:https://registry.npmjs.org/update-browserslist-db set size:undefined disposed:false
330 http fetch GET 200 https://registry.npmjs.org/baseline-browser-mapping 102ms (cache miss)
331 silly packumentCache full:https://registry.npmjs.org/baseline-browser-mapping set size:undefined disposed:false
332 http fetch GET 200 https://registry.npmjs.org/node-releases 139ms (cache miss)
333 silly packumentCache full:https://registry.npmjs.org/node-releases set size:undefined disposed:false
334 http fetch GET 200 https://registry.npmjs.org/caniuse-lite 309ms (cache miss)
335 silly packumentCache full:https://registry.npmjs.org/caniuse-lite set size:undefined disposed:false
336 http fetch GET 200 https://registry.npmjs.org/electron-to-chromium 350ms (cache miss)
337 silly packumentCache full:https://registry.npmjs.org/electron-to-chromium set size:undefined disposed:false
338 silly placeDep ROOT @babel/helper-module-imports@7.28.6 OK for: @babel/helper-module-transforms@7.28.6 want: ^7.28.6
339 silly placeDep ROOT @babel/helper-plugin-utils@7.28.6 OK for: @babel/plugin-transform-react-jsx-self@7.27.1 want: ^7.27.1
340 silly placeDep ROOT @babel/helper-globals@7.28.0 OK for: @babel/traverse@7.29.0 want: ^7.28.0
341 silly placeDep ROOT @babel/helper-string-parser@7.27.1 OK for: @babel/types@7.29.0 want: ^7.27.1
342 silly placeDep ROOT @jridgewell/sourcemap-codec@1.5.5 OK for: @jridgewell/gen-mapping@0.3.13 want: ^1.5.0
343 silly placeDep ROOT @jridgewell/resolve-uri@3.1.2 OK for: @jridgewell/trace-mapping@0.3.31 want: ^3.1.0
344 silly placeDep ROOT @types/babel__generator@7.27.0 OK for: @types/babel__core@7.20.5 want: *
345 silly placeDep ROOT @types/babel__template@7.4.4 OK for: @types/babel__core@7.20.5 want: *
346 silly placeDep ROOT @types/babel__traverse@7.28.0 OK for: @types/babel__core@7.20.5 want: *
347 silly fetch manifest browserslist@>= 4.21.0
348 silly packumentCache full:https://registry.npmjs.org/browserslist cache-miss
349 http fetch GET 200 https://registry.npmjs.org/browserslist 6ms (cache hit)
350 silly packumentCache full:https://registry.npmjs.org/browserslist set size:504681 disposed:false
351 silly placeDep ROOT baseline-browser-mapping@2.10.18 OK for: browserslist@4.28.2 want: ^2.10.12
352 silly placeDep ROOT caniuse-lite@1.0.30001787 OK for: browserslist@4.28.2 want: ^1.0.30001782
353 silly placeDep ROOT electron-to-chromium@1.5.335 OK for: browserslist@4.28.2 want: ^1.5.328
354 silly placeDep ROOT node-releases@2.0.37 OK for: browserslist@4.28.2 want: ^2.0.36
355 silly placeDep ROOT update-browserslist-db@1.2.3 OK for: browserslist@4.28.2 want: ^1.2.3
356 silly fetch manifest escalade@^3.2.0
357 silly packumentCache full:https://registry.npmjs.org/escalade cache-miss
358 http fetch GET 200 https://registry.npmjs.org/escalade 97ms (cache miss)
359 silly packumentCache full:https://registry.npmjs.org/escalade set size:undefined disposed:false
360 silly placeDep ROOT ms@2.1.3 OK for: debug@4.4.3 want: ^2.1.3
361 silly placeDep ROOT yallist@3.1.1 OK for: lru-cache@5.1.1 want: ^3.0.2
362 silly placeDep ROOT escalade@3.2.0 OK for: update-browserslist-db@1.2.3 want: ^3.2.0
363 silly reify moves {}
364 silly audit bulk request {
364 silly audit   '@emnapi/core': [ '1.9.2' ],
364 silly audit   '@emnapi/runtime': [ '1.9.2' ],
364 silly audit   '@emnapi/wasi-threads': [ '1.2.1' ],
364 silly audit   '@napi-rs/wasm-runtime': [ '1.1.3' ],
364 silly audit   '@oxc-project/types': [ '0.124.0' ],
364 silly audit   '@rolldown/binding-android-arm64': [ '1.0.0-rc.15' ],
364 silly audit   '@rolldown/binding-darwin-arm64': [ '1.0.0-rc.15' ],
364 silly audit   '@rolldown/binding-darwin-x64': [ '1.0.0-rc.15' ],
364 silly audit   '@rolldown/binding-freebsd-x64': [ '1.0.0-rc.15' ],
364 silly audit   '@rolldown/binding-linux-arm-gnueabihf': [ '1.0.0-rc.15' ],
364 silly audit   '@rolldown/binding-linux-arm64-gnu': [ '1.0.0-rc.15' ],
364 silly audit   '@rolldown/binding-linux-arm64-musl': [ '1.0.0-rc.15' ],
364 silly audit   '@rolldown/binding-linux-ppc64-gnu': [ '1.0.0-rc.15' ],
364 silly audit   '@rolldown/binding-linux-s390x-gnu': [ '1.0.0-rc.15' ],
364 silly audit   '@rolldown/binding-linux-x64-gnu': [ '1.0.0-rc.15' ],
364 silly audit   '@rolldown/binding-linux-x64-musl': [ '1.0.0-rc.15' ],
364 silly audit   '@rolldown/binding-openharmony-arm64': [ '1.0.0-rc.15' ],
364 silly audit   '@rolldown/binding-wasm32-wasi': [ '1.0.0-rc.15' ],
364 silly audit   '@rolldown/binding-win32-arm64-msvc': [ '1.0.0-rc.15' ],
364 silly audit   '@rolldown/binding-win32-x64-msvc': [ '1.0.0-rc.15' ],
364 silly audit   '@rolldown/pluginutils': [ '1.0.0-rc.15', '1.0.0-rc.3' ],
364 silly audit   '@tybys/wasm-util': [ '0.10.1' ],
364 silly audit   'detect-libc': [ '2.1.2' ],
364 silly audit   fdir: [ '6.5.0' ],
364 silly audit   fsevents: [ '2.3.3' ],
364 silly audit   lightningcss: [ '1.32.0' ],
364 silly audit   'lightningcss-android-arm64': [ '1.32.0' ],
364 silly audit   'lightningcss-darwin-arm64': [ '1.32.0' ],
364 silly audit   'lightningcss-darwin-x64': [ '1.32.0' ],
364 silly audit   'lightningcss-freebsd-x64': [ '1.32.0' ],
364 silly audit   'lightningcss-linux-arm-gnueabihf': [ '1.32.0' ],
364 silly audit   'lightningcss-linux-arm64-gnu': [ '1.32.0' ],
364 silly audit   'lightningcss-linux-arm64-musl': [ '1.32.0' ],
364 silly audit   'lightningcss-linux-x64-gnu': [ '1.32.0' ],
364 silly audit   'lightningcss-linux-x64-musl': [ '1.32.0' ],
364 silly audit   'lightningcss-win32-arm64-msvc': [ '1.32.0' ],
364 silly audit   'lightningcss-win32-x64-msvc': [ '1.32.0' ],
364 silly audit   nanoid: [ '3.3.11' ],
364 silly audit   picocolors: [ '1.1.1' ],
364 silly audit   picomatch: [ '4.0.4' ],
364 silly audit   postcss: [ '8.5.9' ],
364 silly audit   react: [ '19.2.5' ],
364 silly audit   'react-dom': [ '19.2.5' ],
364 silly audit   rolldown: [ '1.0.0-rc.15' ],
364 silly audit   scheduler: [ '0.27.0' ],
364 silly audit   'source-map-js': [ '1.2.1' ],
364 silly audit   tinyglobby: [ '0.2.16' ],
364 silly audit   tslib: [ '2.8.1' ],
364 silly audit   vite: [ '8.0.8' ],
364 silly audit   '@vitejs/plugin-react': [ '5.2.0' ],
364 silly audit   '@babel/core': [ '7.29.0' ],
364 silly audit   '@babel/plugin-transform-react-jsx-self': [ '7.27.1' ],
364 silly audit   '@babel/plugin-transform-react-jsx-source': [ '7.27.1' ],
364 silly audit   '@types/babel__core': [ '7.20.5' ],
364 silly audit   'react-refresh': [ '0.18.0' ],
364 silly audit   '@babel/code-frame': [ '7.29.0' ],
364 silly audit   '@babel/generator': [ '7.29.1' ],
364 silly audit   '@babel/helper-compilation-targets': [ '7.28.6' ],
364 silly audit   '@babel/helper-module-transforms': [ '7.28.6' ],
364 silly audit   '@babel/helpers': [ '7.29.2' ],
364 silly audit   '@babel/parser': [ '7.29.2' ],
364 silly audit   '@babel/template': [ '7.28.6' ],
364 silly audit   '@babel/traverse': [ '7.29.0' ],
364 silly audit   '@babel/types': [ '7.29.0' ],
364 silly audit   '@jridgewell/remapping': [ '2.3.5' ],
364 silly audit   'convert-source-map': [ '2.0.0' ],
364 silly audit   debug: [ '4.4.3' ],
364 silly audit   gensync: [ '1.0.0-beta.2' ],
364 silly audit   json5: [ '2.2.3' ],
364 silly audit   semver: [ '6.3.1' ],
364 silly audit   '@babel/helper-validator-identifier': [ '7.28.5' ],
364 silly audit   'js-tokens': [ '4.0.0' ],
364 silly audit   '@jridgewell/gen-mapping': [ '0.3.13' ],
364 silly audit   '@jridgewell/trace-mapping': [ '0.3.31' ],
364 silly audit   jsesc: [ '3.1.0' ],
364 silly audit   '@babel/compat-data': [ '7.29.0' ],
364 silly audit   '@babel/helper-validator-option': [ '7.27.1' ],
364 silly audit   browserslist: [ '4.28.2' ],
364 silly audit   'lru-cache': [ '5.1.1' ],
364 silly audit   '@babel/helper-module-imports': [ '7.28.6' ],
364 silly audit   '@babel/helper-plugin-utils': [ '7.28.6' ],
364 silly audit   '@babel/helper-globals': [ '7.28.0' ],
364 silly audit   '@babel/helper-string-parser': [ '7.27.1' ],
364 silly audit   '@jridgewell/sourcemap-codec': [ '1.5.5' ],
364 silly audit   '@jridgewell/resolve-uri': [ '3.1.2' ],
364 silly audit   '@types/babel__generator': [ '7.27.0' ],
364 silly audit   '@types/babel__template': [ '7.4.4' ],
364 silly audit   '@types/babel__traverse': [ '7.28.0' ],
364 silly audit   'baseline-browser-mapping': [ '2.10.18' ],
364 silly audit   'caniuse-lite': [ '1.0.30001787' ],
364 silly audit   'electron-to-chromium': [ '1.5.335' ],
364 silly audit   'node-releases': [ '2.0.37' ],
364 silly audit   'update-browserslist-db': [ '1.2.3' ],
364 silly audit   ms: [ '2.1.3' ],
364 silly audit   yallist: [ '3.1.1' ],
364 silly audit   escalade: [ '3.2.0' ]
364 silly audit }
365 verbose reify failed optional dependency C:\Users\赖炫池\Desktop\ai-coding-assistant\node_modules\lightningcss-win32-arm64-msvc
366 silly reify mark deleted [
366 silly reify   'C:\\Users\\赖炫池\\Desktop\\ai-coding-assistant\\node_modules\\lightningcss-win32-arm64-msvc'
366 silly reify ]
367 verbose reify failed optional dependency C:\Users\赖炫池\Desktop\ai-coding-assistant\node_modules\lightningcss-linux-x64-musl
368 silly reify mark deleted [
368 silly reify   'C:\\Users\\赖炫池\\Desktop\\ai-coding-assistant\\node_modules\\lightningcss-linux-x64-musl'
368 silly reify ]
369 verbose reify failed optional dependency C:\Users\赖炫池\Desktop\ai-coding-assistant\node_modules\lightningcss-linux-x64-gnu
370 silly reify mark deleted [
370 silly reify   'C:\\Users\\赖炫池\\Desktop\\ai-coding-assistant\\node_modules\\lightningcss-linux-x64-gnu'
370 silly reify ]
371 verbose reify failed optional dependency C:\Users\赖炫池\Desktop\ai-coding-assistant\node_modules\lightningcss-linux-arm64-musl
372 silly reify mark deleted [
372 silly reify   'C:\\Users\\赖炫池\\Desktop\\ai-coding-assistant\\node_modules\\lightningcss-linux-arm64-musl'
372 silly reify ]
373 verbose reify failed optional dependency C:\Users\赖炫池\Desktop\ai-coding-assistant\node_modules\lightningcss-linux-arm64-gnu
374 silly reify mark deleted [
374 silly reify   'C:\\Users\\赖炫池\\Desktop\\ai-coding-assistant\\node_modules\\lightningcss-linux-arm64-gnu'
374 silly reify ]
375 verbose reify failed optional dependency C:\Users\赖炫池\Desktop\ai-coding-assistant\node_modules\lightningcss-linux-arm-gnueabihf
376 silly reify mark deleted [
376 silly reify   'C:\\Users\\赖炫池\\Desktop\\ai-coding-assistant\\node_modules\\lightningcss-linux-arm-gnueabihf'
376 silly reify ]
377 verbose reify failed optional dependency C:\Users\赖炫池\Desktop\ai-coding-assistant\node_modules\lightningcss-freebsd-x64
378 silly reify mark deleted [
378 silly reify   'C:\\Users\\赖炫池\\Desktop\\ai-coding-assistant\\node_modules\\lightningcss-freebsd-x64'
378 silly reify ]
379 verbose reify failed optional dependency C:\Users\赖炫池\Desktop\ai-coding-assistant\node_modules\lightningcss-darwin-x64
380 silly reify mark deleted [
380 silly reify   'C:\\Users\\赖炫池\\Desktop\\ai-coding-assistant\\node_modules\\lightningcss-darwin-x64'
380 silly reify ]
381 verbose reify failed optional dependency C:\Users\赖炫池\Desktop\ai-coding-assistant\node_modules\lightningcss-darwin-arm64
382 silly reify mark deleted [
382 silly reify   'C:\\Users\\赖炫池\\Desktop\\ai-coding-assistant\\node_modules\\lightningcss-darwin-arm64'
382 silly reify ]
383 verbose reify failed optional dependency C:\Users\赖炫池\Desktop\ai-coding-assistant\node_modules\lightningcss-android-arm64
384 silly reify mark deleted [
384 silly reify   'C:\\Users\\赖炫池\\Desktop\\ai-coding-assistant\\node_modules\\lightningcss-android-arm64'
384 silly reify ]
385 verbose reify failed optional dependency C:\Users\赖炫池\Desktop\ai-coding-assistant\node_modules\fsevents
386 silly reify mark deleted [
386 silly reify   'C:\\Users\\赖炫池\\Desktop\\ai-coding-assistant\\node_modules\\fsevents'
386 silly reify ]
387 verbose reify failed optional dependency C:\Users\赖炫池\Desktop\ai-coding-assistant\node_modules\@rolldown\binding-win32-arm64-msvc
388 silly reify mark deleted [
388 silly reify   'C:\\Users\\赖炫池\\Desktop\\ai-coding-assistant\\node_modules\\@rolldown\\binding-win32-arm64-msvc'
388 silly reify ]
389 verbose reify failed optional dependency C:\Users\赖炫池\Desktop\ai-coding-assistant\node_modules\@rolldown\binding-wasm32-wasi
390 silly reify mark deleted [
390 silly reify   'C:\\Users\\赖炫池\\Desktop\\ai-coding-assistant\\node_modules\\@rolldown\\binding-wasm32-wasi'
390 silly reify ]
391 verbose reify failed optional dependency C:\Users\赖炫池\Desktop\ai-coding-assistant\node_modules\@emnapi\core
392 silly reify mark deleted [
392 silly reify   'C:\\Users\\赖炫池\\Desktop\\ai-coding-assistant\\node_modules\\@emnapi\\core'
392 silly reify ]
393 verbose reify failed optional dependency C:\Users\赖炫池\Desktop\ai-coding-assistant\node_modules\@emnapi\runtime
394 silly reify mark deleted [
394 silly reify   'C:\\Users\\赖炫池\\Desktop\\ai-coding-assistant\\node_modules\\@emnapi\\runtime'
394 silly reify ]
395 verbose reify failed optional dependency C:\Users\赖炫池\Desktop\ai-coding-assistant\node_modules\@napi-rs\wasm-runtime
396 silly reify mark deleted [
396 silly reify   'C:\\Users\\赖炫池\\Desktop\\ai-coding-assistant\\node_modules\\@napi-rs\\wasm-runtime'
396 silly reify ]
397 verbose reify failed optional dependency C:\Users\赖炫池\Desktop\ai-coding-assistant\node_modules\@emnapi\wasi-threads
398 silly reify mark deleted [
398 silly reify   'C:\\Users\\赖炫池\\Desktop\\ai-coding-assistant\\node_modules\\@emnapi\\wasi-threads'
398 silly reify ]
399 verbose reify failed optional dependency C:\Users\赖炫池\Desktop\ai-coding-assistant\node_modules\tslib
400 silly reify mark deleted [ 'C:\\Users\\赖炫池\\Desktop\\ai-coding-assistant\\node_modules\\tslib' ]
401 verbose reify failed optional dependency C:\Users\赖炫池\Desktop\ai-coding-assistant\node_modules\@tybys\wasm-util
402 silly reify mark deleted [
402 silly reify   'C:\\Users\\赖炫池\\Desktop\\ai-coding-assistant\\node_modules\\@tybys\\wasm-util'
402 silly reify ]
403 verbose reify failed optional dependency C:\Users\赖炫池\Desktop\ai-coding-assistant\node_modules\@rolldown\binding-openharmony-arm64
404 silly reify mark deleted [
404 silly reify   'C:\\Users\\赖炫池\\Desktop\\ai-coding-assistant\\node_modules\\@rolldown\\binding-openharmony-arm64'
404 silly reify ]
405 verbose reify failed optional dependency C:\Users\赖炫池\Desktop\ai-coding-assistant\node_modules\@rolldown\binding-linux-x64-musl
406 silly reify mark deleted [
406 silly reify   'C:\\Users\\赖炫池\\Desktop\\ai-coding-assistant\\node_modules\\@rolldown\\binding-linux-x64-musl'
406 silly reify ]
407 verbose reify failed optional dependency C:\Users\赖炫池\Desktop\ai-coding-assistant\node_modules\@rolldown\binding-linux-x64-gnu
408 silly reify mark deleted [
408 silly reify   'C:\\Users\\赖炫池\\Desktop\\ai-coding-assistant\\node_modules\\@rolldown\\binding-linux-x64-gnu'
408 silly reify ]
409 verbose reify failed optional dependency C:\Users\赖炫池\Desktop\ai-coding-assistant\node_modules\@rolldown\binding-linux-s390x-gnu
410 silly reify mark deleted [
410 silly reify   'C:\\Users\\赖炫池\\Desktop\\ai-coding-assistant\\node_modules\\@rolldown\\binding-linux-s390x-gnu'
410 silly reify ]
411 verbose reify failed optional dependency C:\Users\赖炫池\Desktop\ai-coding-assistant\node_modules\@rolldown\binding-linux-ppc64-gnu
412 silly reify mark deleted [
412 silly reify   'C:\\Users\\赖炫池\\Desktop\\ai-coding-assistant\\node_modules\\@rolldown\\binding-linux-ppc64-gnu'
412 silly reify ]
413 verbose reify failed optional dependency C:\Users\赖炫池\Desktop\ai-coding-assistant\node_modules\@rolldown\binding-linux-arm64-musl
414 silly reify mark deleted [
414 silly reify   'C:\\Users\\赖炫池\\Desktop\\ai-coding-assistant\\node_modules\\@rolldown\\binding-linux-arm64-musl'
414 silly reify ]
415 verbose reify failed optional dependency C:\Users\赖炫池\Desktop\ai-coding-assistant\node_modules\@rolldown\binding-linux-arm64-gnu
416 silly reify mark deleted [
416 silly reify   'C:\\Users\\赖炫池\\Desktop\\ai-coding-assistant\\node_modules\\@rolldown\\binding-linux-arm64-gnu'
416 silly reify ]
417 verbose reify failed optional dependency C:\Users\赖炫池\Desktop\ai-coding-assistant\node_modules\@rolldown\binding-linux-arm-gnueabihf
418 silly reify mark deleted [
418 silly reify   'C:\\Users\\赖炫池\\Desktop\\ai-coding-assistant\\node_modules\\@rolldown\\binding-linux-arm-gnueabihf'
418 silly reify ]
419 verbose reify failed optional dependency C:\Users\赖炫池\Desktop\ai-coding-assistant\node_modules\@rolldown\binding-freebsd-x64
420 silly reify mark deleted [
420 silly reify   'C:\\Users\\赖炫池\\Desktop\\ai-coding-assistant\\node_modules\\@rolldown\\binding-freebsd-x64'
420 silly reify ]
421 verbose reify failed optional dependency C:\Users\赖炫池\Desktop\ai-coding-assistant\node_modules\@rolldown\binding-darwin-x64
422 silly reify mark deleted [
422 silly reify   'C:\\Users\\赖炫池\\Desktop\\ai-coding-assistant\\node_modules\\@rolldown\\binding-darwin-x64'
422 silly reify ]
423 verbose reify failed optional dependency C:\Users\赖炫池\Desktop\ai-coding-assistant\node_modules\@rolldown\binding-darwin-arm64
424 silly reify mark deleted [
424 silly reify   'C:\\Users\\赖炫池\\Desktop\\ai-coding-assistant\\node_modules\\@rolldown\\binding-darwin-arm64'
424 silly reify ]
425 verbose reify failed optional dependency C:\Users\赖炫池\Desktop\ai-coding-assistant\node_modules\@rolldown\binding-android-arm64
426 silly reify mark deleted [
426 silly reify   'C:\\Users\\赖炫池\\Desktop\\ai-coding-assistant\\node_modules\\@rolldown\\binding-android-arm64'
426 silly reify ]
427 silly tarball no local data for ms@https://registry.npmjs.org/ms/-/ms-2.1.3.tgz. Extracting by manifest.
428 silly tarball no local data for node-releases@https://registry.npmjs.org/node-releases/-/node-releases-2.0.37.tgz. Extracting by manifest.
429 silly tarball no local data for yallist@https://registry.npmjs.org/yallist/-/yallist-3.1.1.tgz. Extracting by manifest.
430 silly tarball no local data for @types/babel__traverse@https://registry.npmjs.org/@types/babel__traverse/-/babel__traverse-7.28.0.tgz. Extracting by manifest.
431 silly tarball no local data for escalade@https://registry.npmjs.org/escalade/-/escalade-3.2.0.tgz. Extracting by manifest.
432 silly tarball no local data for electron-to-chromium@https://registry.npmjs.org/electron-to-chromium/-/electron-to-chromium-1.5.335.tgz. Extracting by manifest.
433 silly tarball no local data for baseline-browser-mapping@https://registry.npmjs.org/baseline-browser-mapping/-/baseline-browser-mapping-2.10.18.tgz. Extracting by manifest.
434 silly tarball no local data for caniuse-lite@https://registry.npmjs.org/caniuse-lite/-/caniuse-lite-1.0.30001787.tgz. Extracting by manifest.
435 silly tarball no local data for @jridgewell/sourcemap-codec@https://registry.npmjs.org/@jridgewell/sourcemap-codec/-/sourcemap-codec-1.5.5.tgz. Extracting by manifest.
436 silly tarball no local data for update-browserslist-db@https://registry.npmjs.org/update-browserslist-db/-/update-browserslist-db-1.2.3.tgz. Extracting by manifest.
437 silly tarball no local data for @types/babel__template@https://registry.npmjs.org/@types/babel__template/-/babel__template-7.4.4.tgz. Extracting by manifest.
438 silly tarball no local data for @types/babel__generator@https://registry.npmjs.org/@types/babel__generator/-/babel__generator-7.27.0.tgz. Extracting by manifest.
439 silly tarball no local data for @jridgewell/resolve-uri@https://registry.npmjs.org/@jridgewell/resolve-uri/-/resolve-uri-3.1.2.tgz. Extracting by manifest.
440 silly tarball no local data for @babel/helper-globals@https://registry.npmjs.org/@babel/helper-globals/-/helper-globals-7.28.0.tgz. Extracting by manifest.
441 silly tarball no local data for lru-cache@https://registry.npmjs.org/lru-cache/-/lru-cache-5.1.1.tgz. Extracting by manifest.
442 silly tarball no local data for @babel/helper-module-imports@https://registry.npmjs.org/@babel/helper-module-imports/-/helper-module-imports-7.28.6.tgz. Extracting by manifest.
443 silly tarball no local data for @babel/helper-string-parser@https://registry.npmjs.org/@babel/helper-string-parser/-/helper-string-parser-7.27.1.tgz. Extracting by manifest.
444 silly tarball no local data for browserslist@https://registry.npmjs.org/browserslist/-/browserslist-4.28.2.tgz. Extracting by manifest.
445 silly tarball no local data for @babel/helper-plugin-utils@https://registry.npmjs.org/@babel/helper-plugin-utils/-/helper-plugin-utils-7.28.6.tgz. Extracting by manifest.
446 silly tarball no local data for @babel/compat-data@https://registry.npmjs.org/@babel/compat-data/-/compat-data-7.29.0.tgz. Extracting by manifest.
447 silly tarball no local data for @babel/helper-validator-option@https://registry.npmjs.org/@babel/helper-validator-option/-/helper-validator-option-7.27.1.tgz. Extracting by manifest.
448 silly tarball no local data for jsesc@https://registry.npmjs.org/jsesc/-/jsesc-3.1.0.tgz. Extracting by manifest.
449 silly tarball no local data for @jridgewell/trace-mapping@https://registry.npmjs.org/@jridgewell/trace-mapping/-/trace-mapping-0.3.31.tgz. Extracting by manifest.
450 silly tarball no local data for @jridgewell/gen-mapping@https://registry.npmjs.org/@jridgewell/gen-mapping/-/gen-mapping-0.3.13.tgz. Extracting by manifest.
451 silly tarball no local data for js-tokens@https://registry.npmjs.org/js-tokens/-/js-tokens-4.0.0.tgz. Extracting by manifest.
452 silly tarball no local data for @babel/helper-validator-identifier@https://registry.npmjs.org/@babel/helper-validator-identifier/-/helper-validator-identifier-7.28.5.tgz. Extracting by manifest.
453 silly tarball no local data for semver@https://registry.npmjs.org/semver/-/semver-6.3.1.tgz. Extracting by manifest.
454 silly tarball no local data for gensync@https://registry.npmjs.org/gensync/-/gensync-1.0.0-beta.2.tgz. Extracting by manifest.
455 silly tarball no local data for debug@https://registry.npmjs.org/debug/-/debug-4.4.3.tgz. Extracting by manifest.
456 silly tarball no local data for @jridgewell/remapping@https://registry.npmjs.org/@jridgewell/remapping/-/remapping-2.3.5.tgz. Extracting by manifest.
457 silly tarball no local data for json5@https://registry.npmjs.org/json5/-/json5-2.2.3.tgz. Extracting by manifest.
458 silly tarball no local data for convert-source-map@https://registry.npmjs.org/convert-source-map/-/convert-source-map-2.0.0.tgz. Extracting by manifest.
459 silly tarball no local data for @babel/types@https://registry.npmjs.org/@babel/types/-/types-7.29.0.tgz. Extracting by manifest.
460 silly tarball no local data for @babel/traverse@https://registry.npmjs.org/@babel/traverse/-/traverse-7.29.0.tgz. Extracting by manifest.
461 silly tarball no local data for @babel/parser@https://registry.npmjs.org/@babel/parser/-/parser-7.29.2.tgz. Extracting by manifest.
462 silly tarball no local data for @babel/helpers@https://registry.npmjs.org/@babel/helpers/-/helpers-7.29.2.tgz. Extracting by manifest.
463 silly tarball no local data for @babel/template@https://registry.npmjs.org/@babel/template/-/template-7.28.6.tgz. Extracting by manifest.
464 silly tarball no local data for @babel/generator@https://registry.npmjs.org/@babel/generator/-/generator-7.29.1.tgz. Extracting by manifest.
465 silly tarball no local data for @babel/helper-compilation-targets@https://registry.npmjs.org/@babel/helper-compilation-targets/-/helper-compilation-targets-7.28.6.tgz. Extracting by manifest.
466 silly tarball no local data for @babel/code-frame@https://registry.npmjs.org/@babel/code-frame/-/code-frame-7.29.0.tgz. Extracting by manifest.
467 silly tarball no local data for @babel/helper-module-transforms@https://registry.npmjs.org/@babel/helper-module-transforms/-/helper-module-transforms-7.28.6.tgz. Extracting by manifest.
468 silly tarball no local data for @babel/plugin-transform-react-jsx-source@https://registry.npmjs.org/@babel/plugin-transform-react-jsx-source/-/plugin-transform-react-jsx-source-7.27.1.tgz. Extracting by manifest.
469 silly tarball no local data for @babel/plugin-transform-react-jsx-self@https://registry.npmjs.org/@babel/plugin-transform-react-jsx-self/-/plugin-transform-react-jsx-self-7.27.1.tgz. Extracting by manifest.
470 silly tarball no local data for react-refresh@https://registry.npmjs.org/react-refresh/-/react-refresh-0.18.0.tgz. Extracting by manifest.
471 silly tarball no local data for @types/babel__core@https://registry.npmjs.org/@types/babel__core/-/babel__core-7.20.5.tgz. Extracting by manifest.
472 silly tarball no local data for @babel/core@https://registry.npmjs.org/@babel/core/-/core-7.29.0.tgz. Extracting by manifest.
473 silly tarball no local data for @vitejs/plugin-react@https://registry.npmjs.org/@vitejs/plugin-react/-/plugin-react-5.2.0.tgz. Extracting by manifest.
474 silly tarball no local data for @rolldown/pluginutils@https://registry.npmjs.org/@rolldown/pluginutils/-/pluginutils-1.0.0-rc.3.tgz. Extracting by manifest.
475 http fetch GET 200 https://registry.npmjs.org/ms/-/ms-2.1.3.tgz 101ms (cache miss)
476 http fetch GET 200 https://registry.npmjs.org/node-releases/-/node-releases-2.0.37.tgz 108ms (cache miss)
477 http fetch GET 200 https://registry.npmjs.org/yallist/-/yallist-3.1.1.tgz 114ms (cache miss)
478 http fetch GET 200 https://registry.npmjs.org/@types/babel__template/-/babel__template-7.4.4.tgz 112ms (cache miss)
479 http fetch GET 200 https://registry.npmjs.org/@types/babel__traverse/-/babel__traverse-7.28.0.tgz 118ms (cache miss)
480 http fetch GET 200 https://registry.npmjs.org/update-browserslist-db/-/update-browserslist-db-1.2.3.tgz 117ms (cache miss)
481 http fetch GET 200 https://registry.npmjs.org/@jridgewell/resolve-uri/-/resolve-uri-3.1.2.tgz 118ms (cache miss)
482 http fetch GET 200 https://registry.npmjs.org/@types/babel__generator/-/babel__generator-7.27.0.tgz 121ms (cache miss)
483 http fetch GET 200 https://registry.npmjs.org/@babel/helper-globals/-/helper-globals-7.28.0.tgz 122ms (cache miss)
484 http fetch GET 200 https://registry.npmjs.org/escalade/-/escalade-3.2.0.tgz 125ms (cache miss)
485 http fetch GET 200 https://registry.npmjs.org/baseline-browser-mapping/-/baseline-browser-mapping-2.10.18.tgz 128ms (cache miss)
486 http fetch GET 200 https://registry.npmjs.org/electron-to-chromium/-/electron-to-chromium-1.5.335.tgz 136ms (cache miss)
487 http fetch GET 200 https://registry.npmjs.org/@jridgewell/sourcemap-codec/-/sourcemap-codec-1.5.5.tgz 146ms (cache miss)
488 http fetch GET 200 https://registry.npmjs.org/lru-cache/-/lru-cache-5.1.1.tgz 157ms (cache miss)
489 http fetch GET 200 https://registry.npmjs.org/@babel/helper-module-imports/-/helper-module-imports-7.28.6.tgz 178ms (cache miss)
490 http fetch GET 200 https://registry.npmjs.org/@babel/compat-data/-/compat-data-7.29.0.tgz 185ms (cache miss)
491 http fetch GET 200 https://registry.npmjs.org/@babel/helper-string-parser/-/helper-string-parser-7.27.1.tgz 186ms (cache miss)
492 http fetch GET 200 https://registry.npmjs.org/@babel/helper-plugin-utils/-/helper-plugin-utils-7.28.6.tgz 197ms (cache miss)
493 http fetch GET 200 https://registry.npmjs.org/browserslist/-/browserslist-4.28.2.tgz 198ms (cache miss)
494 http fetch GET 200 https://registry.npmjs.org/jsesc/-/jsesc-3.1.0.tgz 198ms (cache miss)
495 http fetch GET 200 https://registry.npmjs.org/js-tokens/-/js-tokens-4.0.0.tgz 199ms (cache miss)
496 http fetch GET 200 https://registry.npmjs.org/@babel/helper-validator-option/-/helper-validator-option-7.27.1.tgz 209ms (cache miss)
497 http fetch POST 200 https://registry.npmjs.org/-/npm/v1/security/advisories/bulk 230ms
498 silly audit report {}
499 http fetch GET 200 https://registry.npmjs.org/semver/-/semver-6.3.1.tgz 212ms (cache miss)
500 http fetch GET 200 https://registry.npmjs.org/@babel/helper-validator-identifier/-/helper-validator-identifier-7.28.5.tgz 218ms (cache miss)
501 http fetch GET 200 https://registry.npmjs.org/gensync/-/gensync-1.0.0-beta.2.tgz 238ms (cache miss)
502 http fetch GET 200 https://registry.npmjs.org/@jridgewell/gen-mapping/-/gen-mapping-0.3.13.tgz 246ms (cache miss)
503 http fetch GET 200 https://registry.npmjs.org/debug/-/debug-4.4.3.tgz 255ms (cache miss)
504 http fetch GET 200 https://registry.npmjs.org/convert-source-map/-/convert-source-map-2.0.0.tgz 257ms (cache miss)
505 http fetch GET 200 https://registry.npmjs.org/@jridgewell/trace-mapping/-/trace-mapping-0.3.31.tgz 260ms (cache miss)
506 http fetch GET 200 https://registry.npmjs.org/@babel/helper-compilation-targets/-/helper-compilation-targets-7.28.6.tgz 302ms (cache miss)
507 http fetch GET 200 https://registry.npmjs.org/json5/-/json5-2.2.3.tgz 308ms (cache miss)
508 http fetch GET 200 https://registry.npmjs.org/@babel/code-frame/-/code-frame-7.29.0.tgz 307ms (cache miss)
509 http fetch GET 200 https://registry.npmjs.org/@babel/plugin-transform-react-jsx-source/-/plugin-transform-react-jsx-source-7.27.1.tgz 308ms (cache miss)
510 http fetch GET 200 https://registry.npmjs.org/@babel/plugin-transform-react-jsx-self/-/plugin-transform-react-jsx-self-7.27.1.tgz 322ms (cache miss)
511 http fetch GET 200 https://registry.npmjs.org/@jridgewell/remapping/-/remapping-2.3.5.tgz 338ms (cache miss)
512 http fetch GET 200 https://registry.npmjs.org/@babel/template/-/template-7.28.6.tgz 337ms (cache miss)
513 http fetch GET 200 https://registry.npmjs.org/react-refresh/-/react-refresh-0.18.0.tgz 338ms (cache miss)
514 http fetch GET 200 https://registry.npmjs.org/@types/babel__core/-/babel__core-7.20.5.tgz 341ms (cache miss)
515 http fetch GET 200 https://registry.npmjs.org/@babel/helper-module-transforms/-/helper-module-transforms-7.28.6.tgz 348ms (cache miss)
516 http fetch GET 200 https://registry.npmjs.org/@vitejs/plugin-react/-/plugin-react-5.2.0.tgz 373ms (cache miss)
517 http fetch GET 200 https://registry.npmjs.org/@rolldown/pluginutils/-/pluginutils-1.0.0-rc.3.tgz 374ms (cache miss)
518 http fetch GET 200 https://registry.npmjs.org/@babel/generator/-/generator-7.29.1.tgz 402ms (cache miss)
519 http fetch GET 200 https://registry.npmjs.org/@babel/parser/-/parser-7.29.2.tgz 408ms (cache miss)
520 http fetch GET 200 https://registry.npmjs.org/@babel/traverse/-/traverse-7.29.0.tgz 437ms (cache miss)
521 http fetch GET 200 https://registry.npmjs.org/@babel/core/-/core-7.29.0.tgz 525ms (cache miss)
522 http fetch GET 200 https://registry.npmjs.org/@babel/types/-/types-7.29.0.tgz 570ms (cache miss)
523 http fetch GET 200 https://registry.npmjs.org/@babel/helpers/-/helpers-7.29.2.tgz 591ms (cache miss)
524 http fetch GET 200 https://registry.npmjs.org/caniuse-lite/-/caniuse-lite-1.0.30001787.tgz 937ms (cache miss)
525 silly ADD node_modules/escalade
526 silly ADD node_modules/yallist
527 silly ADD node_modules/ms
528 silly ADD node_modules/update-browserslist-db
529 silly ADD node_modules/node-releases
530 silly ADD node_modules/electron-to-chromium
531 silly ADD node_modules/caniuse-lite
532 silly ADD node_modules/baseline-browser-mapping
533 silly ADD node_modules/@types/babel__traverse
534 silly ADD node_modules/@types/babel__template
535 silly ADD node_modules/@types/babel__generator
536 silly ADD node_modules/@jridgewell/resolve-uri
537 silly ADD node_modules/@jridgewell/sourcemap-codec
538 silly ADD node_modules/@babel/helper-string-parser
539 silly ADD node_modules/@babel/helper-globals
540 silly ADD node_modules/@babel/helper-plugin-utils
541 silly ADD node_modules/@babel/helper-module-imports
542 silly ADD node_modules/lru-cache
543 silly ADD node_modules/browserslist
544 silly ADD node_modules/@babel/helper-validator-option
545 silly ADD node_modules/@babel/compat-data
546 silly ADD node_modules/jsesc
547 silly ADD node_modules/@jridgewell/trace-mapping
548 silly ADD node_modules/@jridgewell/gen-mapping
549 silly ADD node_modules/js-tokens
550 silly ADD node_modules/@babel/helper-validator-identifier
551 silly ADD node_modules/semver
552 silly ADD node_modules/json5
553 silly ADD node_modules/gensync
554 silly ADD node_modules/debug
555 silly ADD node_modules/convert-source-map
556 silly ADD node_modules/@jridgewell/remapping
557 silly ADD node_modules/@babel/types
558 silly ADD node_modules/@babel/traverse
559 silly ADD node_modules/@babel/template
560 silly ADD node_modules/@babel/parser
561 silly ADD node_modules/@babel/helpers
562 silly ADD node_modules/@babel/helper-module-transforms
563 silly ADD node_modules/@babel/helper-compilation-targets
564 silly ADD node_modules/@babel/generator
565 silly ADD node_modules/@babel/code-frame
566 silly ADD node_modules/react-refresh
567 silly ADD node_modules/@types/babel__core
568 silly ADD node_modules/@babel/plugin-transform-react-jsx-source
569 silly ADD node_modules/@babel/plugin-transform-react-jsx-self
570 silly ADD node_modules/@babel/core
571 silly ADD node_modules/@vitejs/plugin-react
572 silly ADD node_modules/@vitejs/plugin-react/node_modules/@rolldown/pluginutils
573 silly ADD
574 silly ADD
575 silly ADD
576 silly ADD
577 silly ADD
578 silly ADD
579 silly ADD
580 silly ADD
581 silly ADD
582 silly ADD
583 silly ADD
584 silly ADD
585 silly ADD
586 silly ADD
587 silly ADD
588 silly ADD
589 silly ADD
590 silly ADD
591 silly ADD
592 silly ADD
593 silly ADD
594 silly ADD
595 silly ADD
596 silly ADD
597 silly ADD
598 silly ADD
599 silly ADD
600 silly ADD
601 silly ADD
602 silly ADD
603 silly ADD
604 verbose cwd C:\Users\赖炫池\Desktop\ai-coding-assistant
605 verbose os Windows_NT 10.0.26200
606 verbose node v22.12.0
607 verbose npm  v10.9.0
608 verbose exit 0
609 info ok
