0 verbose cli C:\Program Files\nodejs\node.exe C:\Program Files\nodejs\node_modules\npm\bin\npm-cli.js
1 info using npm@10.9.0
2 info using node@v22.12.0
3 silly config load:file:C:\Program Files\nodejs\node_modules\npm\npmrc
4 silly config load:file:C:\Users\赖炫池\Desktop\ai-coding-assistant\.npmrc
5 silly config load:file:C:\Users\赖炫池\.npmrc
6 silly config load:file:C:\Users\赖炫池\Desktop\ai-coding-assistant\刚才创建的node_global文件夹的路径\etc\npmrc
7 verbose title npm install react react-dom vite
8 verbose argv "install" "react" "react-dom" "vite"
9 verbose logfile logs-max:10 dir:C:\Users\赖炫池\Desktop\ai-coding-assistant\刚才创建的node_global文件夹的路径\_logs\2026-04-12T14_18_46_805Z-
10 verbose logfile C:\Users\赖炫池\Desktop\ai-coding-assistant\刚才创建的node_global文件夹的路径\_logs\2026-04-12T14_18_46_805Z-debug-0.log
11 silly logfile done cleaning log files
12 silly packumentCache heap:2197815296 maxSize:549453824 maxEntrySize:274726912
13 silly idealTree buildDeps
14 silly fetch manifest react@*
15 silly packumentCache full:https://registry.npmjs.org/react cache-miss
16 http fetch GET 200 https://registry.npmjs.org/react 578ms (cache miss)
17 silly packumentCache full:https://registry.npmjs.org/react set size:undefined disposed:false
18 silly fetch manifest react-dom@*
19 silly packumentCache full:https://registry.npmjs.org/react-dom cache-miss
20 http fetch GET 200 https://registry.npmjs.org/react-dom 165ms (cache miss)
21 silly packumentCache full:https://registry.npmjs.org/react-dom set size:undefined disposed:false
22 silly fetch manifest vite@*
23 silly packumentCache full:https://registry.npmjs.org/vite cache-miss
24 http fetch GET 200 https://registry.npmjs.org/vite 675ms (cache miss)
25 silly packumentCache full:https://registry.npmjs.org/vite set size:undefined disposed:false
26 silly fetch manifest @types/node@^20.19.0 || >=22.12.0
27 silly packumentCache full:https://registry.npmjs.org/@types%2fnode cache-miss
28 http fetch GET 200 https://registry.npmjs.org/@types%2fnode 188ms (cache miss)
29 silly packumentCache full:https://registry.npmjs.org/@types%2fnode set size:undefined disposed:false
30 silly fetch manifest @vitejs/devtools@^0.1.0
31 silly packumentCache full:https://registry.npmjs.org/@vitejs%2fdevtools cache-miss
32 http fetch GET 200 https://registry.npmjs.org/@vitejs%2fdevtools 96ms (cache miss)
33 silly packumentCache full:https://registry.npmjs.org/@vitejs%2fdevtools set size:undefined disposed:false
34 silly fetch manifest esbuild@^0.27.0 || ^0.28.0
35 silly packumentCache full:https://registry.npmjs.org/esbuild cache-miss
36 http fetch GET 200 https://registry.npmjs.org/esbuild 100ms (cache miss)
37 silly packumentCache full:https://registry.npmjs.org/esbuild set size:undefined disposed:false
38 silly fetch manifest jiti@>=1.21.0
39 silly packumentCache full:https://registry.npmjs.org/jiti cache-miss
40 http fetch GET 200 https://registry.npmjs.org/jiti 98ms (cache miss)
41 silly packumentCache full:https://registry.npmjs.org/jiti set size:undefined disposed:false
42 silly fetch manifest less@^4.0.0
43 silly packumentCache full:https://registry.npmjs.org/less cache-miss
44 http fetch GET 200 https://registry.npmjs.org/less 83ms (cache miss)
45 silly packumentCache full:https://registry.npmjs.org/less set size:undefined disposed:false
46 silly fetch manifest sass@^1.70.0
47 silly packumentCache full:https://registry.npmjs.org/sass cache-miss
48 http fetch GET 200 https://registry.npmjs.org/sass 81ms (cache miss)
49 silly packumentCache full:https://registry.npmjs.org/sass set size:undefined disposed:false
50 silly fetch manifest sass-embedded@^1.70.0
51 silly packumentCache full:https://registry.npmjs.org/sass-embedded cache-miss
52 http fetch GET 200 https://registry.npmjs.org/sass-embedded 78ms (cache miss)
53 silly packumentCache full:https://registry.npmjs.org/sass-embedded set size:undefined disposed:false
54 silly fetch manifest stylus@>=0.54.8
55 silly packumentCache full:https://registry.npmjs.org/stylus cache-miss
56 http fetch GET 200 https://registry.npmjs.org/stylus 75ms (cache miss)
57 silly packumentCache full:https://registry.npmjs.org/stylus set size:undefined disposed:false
58 silly fetch manifest sugarss@^5.0.0
59 silly packumentCache full:https://registry.npmjs.org/sugarss cache-miss
60 http fetch GET 200 https://registry.npmjs.org/sugarss 80ms (cache miss)
61 silly packumentCache full:https://registry.npmjs.org/sugarss set size:undefined disposed:false
62 silly fetch manifest postcss@^8.3.3
63 silly packumentCache full:https://registry.npmjs.org/postcss cache-miss
64 http fetch GET 200 https://registry.npmjs.org/postcss 92ms (cache miss)
65 silly packumentCache full:https://registry.npmjs.org/postcss set size:undefined disposed:false
66 silly fetch manifest terser@^5.16.0
67 silly packumentCache full:https://registry.npmjs.org/terser cache-miss
68 http fetch GET 200 https://registry.npmjs.org/terser 84ms (cache miss)
69 silly packumentCache full:https://registry.npmjs.org/terser set size:undefined disposed:false
70 silly fetch manifest tsx@^4.8.1
71 silly packumentCache full:https://registry.npmjs.org/tsx cache-miss
72 http fetch GET 200 https://registry.npmjs.org/tsx 79ms (cache miss)
73 silly packumentCache full:https://registry.npmjs.org/tsx set size:undefined disposed:false
74 silly fetch manifest yaml@^2.4.2
75 silly packumentCache full:https://registry.npmjs.org/yaml cache-miss
76 http fetch GET 200 https://registry.npmjs.org/yaml 79ms (cache miss)
77 silly packumentCache full:https://registry.npmjs.org/yaml set size:undefined disposed:false
78 silly placeDep ROOT react@19.2.5 OK for: ai-coding-assistant@1.0.0 want: *
79 silly placeDep ROOT react-dom@19.2.5 OK for: ai-coding-assistant@1.0.0 want: *
80 silly placeDep ROOT vite@8.0.8 OK for: ai-coding-assistant@1.0.0 want: *
81 silly fetch manifest scheduler@^0.27.0
82 silly packumentCache full:https://registry.npmjs.org/scheduler cache-miss
83 silly fetch manifest lightningcss@^1.32.0
84 silly packumentCache full:https://registry.npmjs.org/lightningcss cache-miss
85 silly fetch manifest picomatch@^4.0.4
86 silly packumentCache full:https://registry.npmjs.org/picomatch cache-miss
87 silly fetch manifest postcss@^8.5.8
88 silly packumentCache full:https://registry.npmjs.org/postcss cache-miss
89 silly fetch manifest rolldown@1.0.0-rc.15
90 silly packumentCache full:https://registry.npmjs.org/rolldown cache-miss
91 silly fetch manifest tinyglobby@^0.2.15
92 silly packumentCache full:https://registry.npmjs.org/tinyglobby cache-miss
93 silly fetch manifest fsevents@~2.3.3
94 silly packumentCache full:https://registry.npmjs.org/fsevents cache-miss
95 http fetch GET 200 https://registry.npmjs.org/postcss 14ms (cache hit)
96 silly packumentCache full:https://registry.npmjs.org/postcss set size:705229 disposed:false
97 http fetch GET 200 https://registry.npmjs.org/scheduler 153ms (cache miss)
98 silly packumentCache full:https://registry.npmjs.org/scheduler set size:undefined disposed:false
99 http fetch GET 200 https://registry.npmjs.org/tinyglobby 271ms (cache miss)
100 silly packumentCache full:https://registry.npmjs.org/tinyglobby set size:undefined disposed:false
101 http fetch GET 200 https://registry.npmjs.org/picomatch 279ms (cache miss)
102 silly packumentCache full:https://registry.npmjs.org/picomatch set size:undefined disposed:false
103 http fetch GET 200 https://registry.npmjs.org/fsevents 286ms (cache miss)
104 silly packumentCache full:https://registry.npmjs.org/fsevents set size:undefined disposed:false
105 http fetch GET 200 https://registry.npmjs.org/lightningcss 302ms (cache miss)
106 silly packumentCache full:https://registry.npmjs.org/lightningcss set size:undefined disposed:false
107 http fetch GET 200 https://registry.npmjs.org/rolldown 422ms (cache miss)
108 silly packumentCache full:https://registry.npmjs.org/rolldown set size:undefined disposed:false
109 silly placeDep ROOT scheduler@0.27.0 OK for: react-dom@19.2.5 want: ^0.27.0
110 silly placeDep ROOT fsevents@2.3.3 OK for: vite@8.0.8 want: ~2.3.3
111 silly placeDep ROOT lightningcss@1.32.0 OK for: vite@8.0.8 want: ^1.32.0
112 silly placeDep ROOT picomatch@4.0.4 OK for: vite@8.0.8 want: ^4.0.4
113 silly placeDep ROOT postcss@8.5.9 OK for: vite@8.0.8 want: ^8.5.8
114 silly placeDep ROOT rolldown@1.0.0-rc.15 OK for: vite@8.0.8 want: 1.0.0-rc.15
115 silly placeDep ROOT tinyglobby@0.2.16 OK for: vite@8.0.8 want: ^0.2.15
116 silly fetch manifest detect-libc@^2.0.3
117 silly packumentCache full:https://registry.npmjs.org/detect-libc cache-miss
118 silly fetch manifest lightningcss-darwin-x64@1.32.0
119 silly packumentCache full:https://registry.npmjs.org/lightningcss-darwin-x64 cache-miss
120 silly fetch manifest lightningcss-linux-x64-gnu@1.32.0
121 silly packumentCache full:https://registry.npmjs.org/lightningcss-linux-x64-gnu cache-miss
122 silly fetch manifest lightningcss-win32-x64-msvc@1.32.0
123 silly packumentCache full:https://registry.npmjs.org/lightningcss-win32-x64-msvc cache-miss
124 silly fetch manifest lightningcss-win32-arm64-msvc@1.32.0
125 silly packumentCache full:https://registry.npmjs.org/lightningcss-win32-arm64-msvc cache-miss
126 silly fetch manifest lightningcss-darwin-arm64@1.32.0
127 silly packumentCache full:https://registry.npmjs.org/lightningcss-darwin-arm64 cache-miss
128 silly fetch manifest lightningcss-linux-arm64-gnu@1.32.0
129 silly packumentCache full:https://registry.npmjs.org/lightningcss-linux-arm64-gnu cache-miss
130 silly fetch manifest lightningcss-linux-arm-gnueabihf@1.32.0
131 silly packumentCache full:https://registry.npmjs.org/lightningcss-linux-arm-gnueabihf cache-miss
132 silly fetch manifest lightningcss-linux-arm64-musl@1.32.0
133 silly packumentCache full:https://registry.npmjs.org/lightningcss-linux-arm64-musl cache-miss
134 silly fetch manifest lightningcss-linux-x64-musl@1.32.0
135 silly packumentCache full:https://registry.npmjs.org/lightningcss-linux-x64-musl cache-miss
136 silly fetch manifest lightningcss-freebsd-x64@1.32.0
137 silly packumentCache full:https://registry.npmjs.org/lightningcss-freebsd-x64 cache-miss
138 silly fetch manifest lightningcss-android-arm64@1.32.0
139 silly packumentCache full:https://registry.npmjs.org/lightningcss-android-arm64 cache-miss
140 silly fetch manifest nanoid@^3.3.11
141 silly packumentCache full:https://registry.npmjs.org/nanoid cache-miss
142 silly fetch manifest picocolors@^1.1.1
143 silly packumentCache full:https://registry.npmjs.org/picocolors cache-miss
144 silly fetch manifest source-map-js@^1.2.1
145 silly packumentCache full:https://registry.npmjs.org/source-map-js cache-miss
146 silly fetch manifest @oxc-project/types@=0.124.0
147 silly packumentCache full:https://registry.npmjs.org/@oxc-project%2ftypes cache-miss
148 silly fetch manifest @rolldown/pluginutils@1.0.0-rc.15
149 silly packumentCache full:https://registry.npmjs.org/@rolldown%2fpluginutils cache-miss
150 silly fetch manifest @rolldown/binding-darwin-x64@1.0.0-rc.15
151 silly packumentCache full:https://registry.npmjs.org/@rolldown%2fbinding-darwin-x64 cache-miss
152 silly fetch manifest @rolldown/binding-win32-x64-msvc@1.0.0-rc.15
153 silly packumentCache full:https://registry.npmjs.org/@rolldown%2fbinding-win32-x64-msvc cache-miss
154 silly fetch manifest @rolldown/binding-linux-x64-gnu@1.0.0-rc.15
155 silly packumentCache full:https://registry.npmjs.org/@rolldown%2fbinding-linux-x64-gnu cache-miss
156 silly fetch manifest @rolldown/binding-linux-x64-musl@1.0.0-rc.15
157 silly packumentCache full:https://registry.npmjs.org/@rolldown%2fbinding-linux-x64-musl cache-miss
158 silly fetch manifest @rolldown/binding-freebsd-x64@1.0.0-rc.15
159 silly packumentCache full:https://registry.npmjs.org/@rolldown%2fbinding-freebsd-x64 cache-miss
160 silly fetch manifest @rolldown/binding-linux-arm-gnueabihf@1.0.0-rc.15
161 silly packumentCache full:https://registry.npmjs.org/@rolldown%2fbinding-linux-arm-gnueabihf cache-miss
162 silly fetch manifest @rolldown/binding-linux-arm64-gnu@1.0.0-rc.15
163 silly packumentCache full:https://registry.npmjs.org/@rolldown%2fbinding-linux-arm64-gnu cache-miss
164 silly fetch manifest @rolldown/binding-darwin-arm64@1.0.0-rc.15
165 silly packumentCache full:https://registry.npmjs.org/@rolldown%2fbinding-darwin-arm64 cache-miss
166 silly fetch manifest @rolldown/binding-linux-arm64-musl@1.0.0-rc.15
167 silly packumentCache full:https://registry.npmjs.org/@rolldown%2fbinding-linux-arm64-musl cache-miss
168 silly fetch manifest @rolldown/binding-openharmony-arm64@1.0.0-rc.15
169 silly packumentCache full:https://registry.npmjs.org/@rolldown%2fbinding-openharmony-arm64 cache-miss
170 silly fetch manifest @rolldown/binding-win32-arm64-msvc@1.0.0-rc.15
171 silly packumentCache full:https://registry.npmjs.org/@rolldown%2fbinding-win32-arm64-msvc cache-miss
172 silly fetch manifest @rolldown/binding-android-arm64@1.0.0-rc.15
173 silly packumentCache full:https://registry.npmjs.org/@rolldown%2fbinding-android-arm64 cache-miss
174 silly fetch manifest @rolldown/binding-wasm32-wasi@1.0.0-rc.15
175 silly packumentCache full:https://registry.npmjs.org/@rolldown%2fbinding-wasm32-wasi cache-miss
176 silly fetch manifest @rolldown/binding-linux-s390x-gnu@1.0.0-rc.15
177 silly packumentCache full:https://registry.npmjs.org/@rolldown%2fbinding-linux-s390x-gnu cache-miss
178 http fetch GET 200 https://registry.npmjs.org/lightningcss-win32-arm64-msvc 82ms (cache miss)
179 silly packumentCache full:https://registry.npmjs.org/lightningcss-win32-arm64-msvc set size:undefined disposed:false
180 silly fetch manifest @rolldown/binding-linux-ppc64-gnu@1.0.0-rc.15
181 silly packumentCache full:https://registry.npmjs.org/@rolldown%2fbinding-linux-ppc64-gnu cache-miss
182 http fetch GET 200 https://registry.npmjs.org/detect-libc 84ms (cache miss)
183 silly packumentCache full:https://registry.npmjs.org/detect-libc set size:undefined disposed:false
184 silly fetch manifest fdir@^6.5.0
185 silly packumentCache full:https://registry.npmjs.org/fdir cache-miss
186 http fetch GET 200 https://registry.npmjs.org/lightningcss-darwin-arm64 85ms (cache miss)
187 silly packumentCache full:https://registry.npmjs.org/lightningcss-darwin-arm64 set size:undefined disposed:false
188 http fetch GET 200 https://registry.npmjs.org/lightningcss-darwin-x64 99ms (cache miss)
189 silly packumentCache full:https://registry.npmjs.org/lightningcss-darwin-x64 set size:undefined disposed:false
190 http fetch GET 200 https://registry.npmjs.org/lightningcss-linux-x64-gnu 99ms (cache miss)
191 silly packumentCache full:https://registry.npmjs.org/lightningcss-linux-x64-gnu set size:undefined disposed:false
192 http fetch GET 200 https://registry.npmjs.org/lightningcss-win32-x64-msvc 102ms (cache miss)
193 silly packumentCache full:https://registry.npmjs.org/lightningcss-win32-x64-msvc set size:undefined disposed:false
194 http fetch GET 200 https://registry.npmjs.org/@rolldown%2fpluginutils 176ms (cache miss)
195 silly packumentCache full:https://registry.npmjs.org/@rolldown%2fpluginutils set size:undefined disposed:false
196 http fetch GET 200 https://registry.npmjs.org/@oxc-project%2ftypes 178ms (cache miss)
197 silly packumentCache full:https://registry.npmjs.org/@oxc-project%2ftypes set size:undefined disposed:false
198 http fetch GET 200 https://registry.npmjs.org/@rolldown%2fbinding-darwin-x64 194ms (cache miss)
199 silly packumentCache full:https://registry.npmjs.org/@rolldown%2fbinding-darwin-x64 set size:undefined disposed:false
200 http fetch GET 200 https://registry.npmjs.org/lightningcss-linux-x64-musl 274ms (cache miss)
201 silly packumentCache full:https://registry.npmjs.org/lightningcss-linux-x64-musl set size:undefined disposed:false
202 http fetch GET 200 https://registry.npmjs.org/picocolors 284ms (cache miss)
203 silly packumentCache full:https://registry.npmjs.org/picocolors set size:undefined disposed:false
204 http fetch GET 200 https://registry.npmjs.org/lightningcss-freebsd-x64 291ms (cache miss)
205 silly packumentCache full:https://registry.npmjs.org/lightningcss-freebsd-x64 set size:undefined disposed:false
206 http fetch GET 200 https://registry.npmjs.org/source-map-js 292ms (cache miss)
207 silly packumentCache full:https://registry.npmjs.org/source-map-js set size:undefined disposed:false
208 http fetch GET 200 https://registry.npmjs.org/lightningcss-linux-arm64-gnu 294ms (cache miss)
209 silly packumentCache full:https://registry.npmjs.org/lightningcss-linux-arm64-gnu set size:undefined disposed:false
210 http fetch GET 200 https://registry.npmjs.org/lightningcss-linux-arm-gnueabihf 296ms (cache miss)
211 silly packumentCache full:https://registry.npmjs.org/lightningcss-linux-arm-gnueabihf set size:undefined disposed:false
212 http fetch GET 200 https://registry.npmjs.org/lightningcss-android-arm64 304ms (cache miss)
213 silly packumentCache full:https://registry.npmjs.org/lightningcss-android-arm64 set size:undefined disposed:false
214 http fetch GET 200 https://registry.npmjs.org/lightningcss-linux-arm64-musl 311ms (cache miss)
215 silly packumentCache full:https://registry.npmjs.org/lightningcss-linux-arm64-musl set size:undefined disposed:false
216 http fetch GET 200 https://registry.npmjs.org/@rolldown%2fbinding-win32-x64-msvc 314ms (cache miss)
217 silly packumentCache full:https://registry.npmjs.org/@rolldown%2fbinding-win32-x64-msvc set size:undefined disposed:false
218 http fetch GET 200 https://registry.npmjs.org/@rolldown%2fbinding-freebsd-x64 322ms (cache miss)
219 silly packumentCache full:https://registry.npmjs.org/@rolldown%2fbinding-freebsd-x64 set size:undefined disposed:false
220 http fetch GET 200 https://registry.npmjs.org/@rolldown%2fbinding-linux-x64-musl 328ms (cache miss)
221 silly packumentCache full:https://registry.npmjs.org/@rolldown%2fbinding-linux-x64-musl set size:undefined disposed:false
222 http fetch GET 200 https://registry.npmjs.org/@rolldown%2fbinding-linux-x64-gnu 337ms (cache miss)
223 silly packumentCache full:https://registry.npmjs.org/@rolldown%2fbinding-linux-x64-gnu set size:undefined disposed:false
224 http fetch GET 200 https://registry.npmjs.org/nanoid 343ms (cache miss)
225 silly packumentCache full:https://registry.npmjs.org/nanoid set size:undefined disposed:false
226 http fetch GET 200 https://registry.npmjs.org/@rolldown%2fbinding-linux-arm64-gnu 347ms (cache miss)
227 silly packumentCache full:https://registry.npmjs.org/@rolldown%2fbinding-linux-arm64-gnu set size:undefined disposed:false
228 http fetch GET 200 https://registry.npmjs.org/@rolldown%2fbinding-linux-s390x-gnu 365ms (cache miss)
229 silly packumentCache full:https://registry.npmjs.org/@rolldown%2fbinding-linux-s390x-gnu set size:undefined disposed:false
230 http fetch GET 200 https://registry.npmjs.org/@rolldown%2fbinding-openharmony-arm64 366ms (cache miss)
231 silly packumentCache full:https://registry.npmjs.org/@rolldown%2fbinding-openharmony-arm64 set size:undefined disposed:false
232 http fetch GET 200 https://registry.npmjs.org/fdir 298ms (cache miss)
233 silly packumentCache full:https://registry.npmjs.org/fdir set size:undefined disposed:false
234 http fetch GET 200 https://registry.npmjs.org/@rolldown%2fbinding-linux-ppc64-gnu 302ms (cache miss)
235 silly packumentCache full:https://registry.npmjs.org/@rolldown%2fbinding-linux-ppc64-gnu set size:undefined disposed:false
236 http fetch GET 200 https://registry.npmjs.org/@rolldown%2fbinding-android-arm64 383ms (cache miss)
237 silly packumentCache full:https://registry.npmjs.org/@rolldown%2fbinding-android-arm64 set size:undefined disposed:false
238 http fetch GET 200 https://registry.npmjs.org/@rolldown%2fbinding-linux-arm-gnueabihf 384ms (cache miss)
239 silly packumentCache full:https://registry.npmjs.org/@rolldown%2fbinding-linux-arm-gnueabihf set size:undefined disposed:false
240 http fetch GET 200 https://registry.npmjs.org/@rolldown%2fbinding-darwin-arm64 450ms (cache miss)
241 silly packumentCache full:https://registry.npmjs.org/@rolldown%2fbinding-darwin-arm64 set size:undefined disposed:false
242 http fetch GET 200 https://registry.npmjs.org/@rolldown%2fbinding-win32-arm64-msvc 457ms (cache miss)
243 silly packumentCache full:https://registry.npmjs.org/@rolldown%2fbinding-win32-arm64-msvc set size:undefined disposed:false
244 http fetch GET 200 https://registry.npmjs.org/@rolldown%2fbinding-linux-arm64-musl 472ms (cache miss)
245 silly packumentCache full:https://registry.npmjs.org/@rolldown%2fbinding-linux-arm64-musl set size:undefined disposed:false
246 http fetch GET 200 https://registry.npmjs.org/@rolldown%2fbinding-wasm32-wasi 490ms (cache miss)
247 silly packumentCache full:https://registry.npmjs.org/@rolldown%2fbinding-wasm32-wasi set size:undefined disposed:false
248 silly placeDep ROOT detect-libc@2.1.2 OK for: lightningcss@1.32.0 want: ^2.0.3
249 silly placeDep ROOT lightningcss-android-arm64@1.32.0 OK for: lightningcss@1.32.0 want: 1.32.0
250 silly placeDep ROOT lightningcss-darwin-arm64@1.32.0 OK for: lightningcss@1.32.0 want: 1.32.0
251 silly placeDep ROOT lightningcss-darwin-x64@1.32.0 OK for: lightningcss@1.32.0 want: 1.32.0
252 silly placeDep ROOT lightningcss-freebsd-x64@1.32.0 OK for: lightningcss@1.32.0 want: 1.32.0
253 silly placeDep ROOT lightningcss-linux-arm-gnueabihf@1.32.0 OK for: lightningcss@1.32.0 want: 1.32.0
254 silly placeDep ROOT lightningcss-linux-arm64-gnu@1.32.0 OK for: lightningcss@1.32.0 want: 1.32.0
255 silly placeDep ROOT lightningcss-linux-arm64-musl@1.32.0 OK for: lightningcss@1.32.0 want: 1.32.0
256 silly placeDep ROOT lightningcss-linux-x64-gnu@1.32.0 OK for: lightningcss@1.32.0 want: 1.32.0
257 silly placeDep ROOT lightningcss-linux-x64-musl@1.32.0 OK for: lightningcss@1.32.0 want: 1.32.0
258 silly placeDep ROOT lightningcss-win32-arm64-msvc@1.32.0 OK for: lightningcss@1.32.0 want: 1.32.0
259 silly placeDep ROOT lightningcss-win32-x64-msvc@1.32.0 OK for: lightningcss@1.32.0 want: 1.32.0
260 silly placeDep ROOT nanoid@3.3.11 OK for: postcss@8.5.9 want: ^3.3.11
261 silly placeDep ROOT picocolors@1.1.1 OK for: postcss@8.5.9 want: ^1.1.1
262 silly placeDep ROOT source-map-js@1.2.1 OK for: postcss@8.5.9 want: ^1.2.1
263 silly placeDep ROOT @oxc-project/types@0.124.0 OK for: rolldown@1.0.0-rc.15 want: =0.124.0
264 silly placeDep ROOT @rolldown/binding-android-arm64@1.0.0-rc.15 OK for: rolldown@1.0.0-rc.15 want: 1.0.0-rc.15
265 silly placeDep ROOT @rolldown/binding-darwin-arm64@1.0.0-rc.15 OK for: rolldown@1.0.0-rc.15 want: 1.0.0-rc.15
266 silly placeDep ROOT @rolldown/binding-darwin-x64@1.0.0-rc.15 OK for: rolldown@1.0.0-rc.15 want: 1.0.0-rc.15
267 silly placeDep ROOT @rolldown/binding-freebsd-x64@1.0.0-rc.15 OK for: rolldown@1.0.0-rc.15 want: 1.0.0-rc.15
268 silly placeDep ROOT @rolldown/binding-linux-arm-gnueabihf@1.0.0-rc.15 OK for: rolldown@1.0.0-rc.15 want: 1.0.0-rc.15
269 silly placeDep ROOT @rolldown/binding-linux-arm64-gnu@1.0.0-rc.15 OK for: rolldown@1.0.0-rc.15 want: 1.0.0-rc.15
270 silly placeDep ROOT @rolldown/binding-linux-arm64-musl@1.0.0-rc.15 OK for: rolldown@1.0.0-rc.15 want: 1.0.0-rc.15
271 silly placeDep ROOT @rolldown/binding-linux-ppc64-gnu@1.0.0-rc.15 OK for: rolldown@1.0.0-rc.15 want: 1.0.0-rc.15
272 silly placeDep ROOT @rolldown/binding-linux-s390x-gnu@1.0.0-rc.15 OK for: rolldown@1.0.0-rc.15 want: 1.0.0-rc.15
273 silly placeDep ROOT @rolldown/binding-linux-x64-gnu@1.0.0-rc.15 OK for: rolldown@1.0.0-rc.15 want: 1.0.0-rc.15
274 silly placeDep ROOT @rolldown/binding-linux-x64-musl@1.0.0-rc.15 OK for: rolldown@1.0.0-rc.15 want: 1.0.0-rc.15
275 silly placeDep ROOT @rolldown/binding-openharmony-arm64@1.0.0-rc.15 OK for: rolldown@1.0.0-rc.15 want: 1.0.0-rc.15
276 silly placeDep ROOT @rolldown/binding-wasm32-wasi@1.0.0-rc.15 OK for: rolldown@1.0.0-rc.15 want: 1.0.0-rc.15
277 silly placeDep ROOT @rolldown/binding-win32-arm64-msvc@1.0.0-rc.15 OK for: rolldown@1.0.0-rc.15 want: 1.0.0-rc.15
278 silly placeDep ROOT @rolldown/binding-win32-x64-msvc@1.0.0-rc.15 OK for: rolldown@1.0.0-rc.15 want: 1.0.0-rc.15
279 silly placeDep ROOT @rolldown/pluginutils@1.0.0-rc.15 OK for: rolldown@1.0.0-rc.15 want: 1.0.0-rc.15
280 silly fetch manifest @napi-rs/wasm-runtime@^1.1.3
281 silly packumentCache full:https://registry.npmjs.org/@napi-rs%2fwasm-runtime cache-miss
282 silly fetch manifest @emnapi/core@1.9.2
283 silly packumentCache full:https://registry.npmjs.org/@emnapi%2fcore cache-miss
284 silly fetch manifest @emnapi/runtime@1.9.2
285 silly packumentCache full:https://registry.npmjs.org/@emnapi%2fruntime cache-miss
286 http fetch GET 200 https://registry.npmjs.org/@emnapi%2fcore 111ms (cache miss)
287 silly packumentCache full:https://registry.npmjs.org/@emnapi%2fcore set size:undefined disposed:false
288 http fetch GET 200 https://registry.npmjs.org/@napi-rs%2fwasm-runtime 115ms (cache miss)
289 silly packumentCache full:https://registry.npmjs.org/@napi-rs%2fwasm-runtime set size:undefined disposed:false
290 http fetch GET 200 https://registry.npmjs.org/@emnapi%2fruntime 115ms (cache miss)
291 silly packumentCache full:https://registry.npmjs.org/@emnapi%2fruntime set size:undefined disposed:false
292 silly placeDep ROOT @emnapi/core@1.9.2 OK for: @rolldown/binding-wasm32-wasi@1.0.0-rc.15 want: 1.9.2
293 silly placeDep ROOT @emnapi/runtime@1.9.2 OK for: @rolldown/binding-wasm32-wasi@1.0.0-rc.15 want: 1.9.2
294 silly placeDep ROOT @napi-rs/wasm-runtime@1.1.3 OK for: @rolldown/binding-wasm32-wasi@1.0.0-rc.15 want: ^1.1.3
295 silly fetch manifest @emnapi/wasi-threads@1.2.1
296 silly packumentCache full:https://registry.npmjs.org/@emnapi%2fwasi-threads cache-miss
297 silly fetch manifest tslib@^2.4.0
298 silly packumentCache full:https://registry.npmjs.org/tslib cache-miss
299 silly fetch manifest tslib@^2.4.0
300 silly packumentCache full:https://registry.npmjs.org/tslib cache-miss
301 silly fetch manifest @tybys/wasm-util@^0.10.1
302 silly packumentCache full:https://registry.npmjs.org/@tybys%2fwasm-util cache-miss
303 http fetch GET 200 https://registry.npmjs.org/tslib 80ms (cache miss)
304 silly packumentCache full:https://registry.npmjs.org/tslib set size:undefined disposed:false
305 http fetch GET 200 https://registry.npmjs.org/tslib 86ms (cache miss)
306 silly packumentCache full:https://registry.npmjs.org/tslib set size:undefined disposed:false
307 http fetch GET 200 https://registry.npmjs.org/@tybys%2fwasm-util 95ms (cache miss)
308 silly packumentCache full:https://registry.npmjs.org/@tybys%2fwasm-util set size:undefined disposed:false
309 http fetch GET 200 https://registry.npmjs.org/@emnapi%2fwasi-threads 106ms (cache miss)
310 silly packumentCache full:https://registry.npmjs.org/@emnapi%2fwasi-threads set size:undefined disposed:false
311 silly placeDep ROOT @emnapi/wasi-threads@1.2.1 OK for: @emnapi/core@1.9.2 want: 1.2.1
312 silly placeDep ROOT tslib@2.8.1 OK for: @emnapi/core@1.9.2 want: ^2.4.0
313 silly placeDep ROOT @tybys/wasm-util@0.10.1 OK for: @napi-rs/wasm-runtime@1.1.3 want: ^0.10.1
314 silly placeDep ROOT fdir@6.5.0 OK for: tinyglobby@0.2.16 want: ^6.5.0
315 silly reify moves {}
316 silly audit bulk request {
316 silly audit   react: [ '19.2.5' ],
316 silly audit   'react-dom': [ '19.2.5' ],
316 silly audit   vite: [ '8.0.8' ],
316 silly audit   scheduler: [ '0.27.0' ],
316 silly audit   fsevents: [ '2.3.3' ],
316 silly audit   lightningcss: [ '1.32.0' ],
316 silly audit   picomatch: [ '4.0.4' ],
316 silly audit   postcss: [ '8.5.9' ],
316 silly audit   rolldown: [ '1.0.0-rc.15' ],
316 silly audit   tinyglobby: [ '0.2.16' ],
316 silly audit   'detect-libc': [ '2.1.2' ],
316 silly audit   'lightningcss-android-arm64': [ '1.32.0' ],
316 silly audit   'lightningcss-darwin-arm64': [ '1.32.0' ],
316 silly audit   'lightningcss-darwin-x64': [ '1.32.0' ],
316 silly audit   'lightningcss-freebsd-x64': [ '1.32.0' ],
316 silly audit   'lightningcss-linux-arm-gnueabihf': [ '1.32.0' ],
316 silly audit   'lightningcss-linux-arm64-gnu': [ '1.32.0' ],
316 silly audit   'lightningcss-linux-arm64-musl': [ '1.32.0' ],
316 silly audit   'lightningcss-linux-x64-gnu': [ '1.32.0' ],
316 silly audit   'lightningcss-linux-x64-musl': [ '1.32.0' ],
316 silly audit   'lightningcss-win32-arm64-msvc': [ '1.32.0' ],
316 silly audit   'lightningcss-win32-x64-msvc': [ '1.32.0' ],
316 silly audit   nanoid: [ '3.3.11' ],
316 silly audit   picocolors: [ '1.1.1' ],
316 silly audit   'source-map-js': [ '1.2.1' ],
316 silly audit   '@oxc-project/types': [ '0.124.0' ],
316 silly audit   '@rolldown/binding-android-arm64': [ '1.0.0-rc.15' ],
316 silly audit   '@rolldown/binding-darwin-arm64': [ '1.0.0-rc.15' ],
316 silly audit   '@rolldown/binding-darwin-x64': [ '1.0.0-rc.15' ],
316 silly audit   '@rolldown/binding-freebsd-x64': [ '1.0.0-rc.15' ],
316 silly audit   '@rolldown/binding-linux-arm-gnueabihf': [ '1.0.0-rc.15' ],
316 silly audit   '@rolldown/binding-linux-arm64-gnu': [ '1.0.0-rc.15' ],
316 silly audit   '@rolldown/binding-linux-arm64-musl': [ '1.0.0-rc.15' ],
316 silly audit   '@rolldown/binding-linux-ppc64-gnu': [ '1.0.0-rc.15' ],
316 silly audit   '@rolldown/binding-linux-s390x-gnu': [ '1.0.0-rc.15' ],
316 silly audit   '@rolldown/binding-linux-x64-gnu': [ '1.0.0-rc.15' ],
316 silly audit   '@rolldown/binding-linux-x64-musl': [ '1.0.0-rc.15' ],
316 silly audit   '@rolldown/binding-openharmony-arm64': [ '1.0.0-rc.15' ],
316 silly audit   '@rolldown/binding-wasm32-wasi': [ '1.0.0-rc.15' ],
316 silly audit   '@rolldown/binding-win32-arm64-msvc': [ '1.0.0-rc.15' ],
316 silly audit   '@rolldown/binding-win32-x64-msvc': [ '1.0.0-rc.15' ],
316 silly audit   '@rolldown/pluginutils': [ '1.0.0-rc.15' ],
316 silly audit   '@emnapi/core': [ '1.9.2' ],
316 silly audit   '@emnapi/runtime': [ '1.9.2' ],
316 silly audit   '@napi-rs/wasm-runtime': [ '1.1.3' ],
316 silly audit   '@emnapi/wasi-threads': [ '1.2.1' ],
316 silly audit   tslib: [ '2.8.1' ],
316 silly audit   '@tybys/wasm-util': [ '0.10.1' ],
316 silly audit   fdir: [ '6.5.0' ]
316 silly audit }
317 verbose reify failed optional dependency C:\Users\赖炫池\Desktop\ai-coding-assistant\node_modules\@rolldown\binding-win32-arm64-msvc
318 silly reify mark deleted [
318 silly reify   'C:\\Users\\赖炫池\\Desktop\\ai-coding-assistant\\node_modules\\@rolldown\\binding-win32-arm64-msvc'
318 silly reify ]
319 verbose reify failed optional dependency C:\Users\赖炫池\Desktop\ai-coding-assistant\node_modules\@rolldown\binding-wasm32-wasi
320 silly reify mark deleted [
320 silly reify   'C:\\Users\\赖炫池\\Desktop\\ai-coding-assistant\\node_modules\\@rolldown\\binding-wasm32-wasi'
320 silly reify ]
321 verbose reify failed optional dependency C:\Users\赖炫池\Desktop\ai-coding-assistant\node_modules\@napi-rs\wasm-runtime
322 silly reify mark deleted [
322 silly reify   'C:\\Users\\赖炫池\\Desktop\\ai-coding-assistant\\node_modules\\@napi-rs\\wasm-runtime'
322 silly reify ]
323 verbose reify failed optional dependency C:\Users\赖炫池\Desktop\ai-coding-assistant\node_modules\@emnapi\core
324 silly reify mark deleted [
324 silly reify   'C:\\Users\\赖炫池\\Desktop\\ai-coding-assistant\\node_modules\\@emnapi\\core'
324 silly reify ]
325 verbose reify failed optional dependency C:\Users\赖炫池\Desktop\ai-coding-assistant\node_modules\@emnapi\runtime
326 silly reify mark deleted [
326 silly reify   'C:\\Users\\赖炫池\\Desktop\\ai-coding-assistant\\node_modules\\@emnapi\\runtime'
326 silly reify ]
327 verbose reify failed optional dependency C:\Users\赖炫池\Desktop\ai-coding-assistant\node_modules\@tybys\wasm-util
328 silly reify mark deleted [
328 silly reify   'C:\\Users\\赖炫池\\Desktop\\ai-coding-assistant\\node_modules\\@tybys\\wasm-util'
328 silly reify ]
329 verbose reify failed optional dependency C:\Users\赖炫池\Desktop\ai-coding-assistant\node_modules\@emnapi\wasi-threads
330 silly reify mark deleted [
330 silly reify   'C:\\Users\\赖炫池\\Desktop\\ai-coding-assistant\\node_modules\\@emnapi\\wasi-threads'
330 silly reify ]
331 verbose reify failed optional dependency C:\Users\赖炫池\Desktop\ai-coding-assistant\node_modules\tslib
332 silly reify mark deleted [ 'C:\\Users\\赖炫池\\Desktop\\ai-coding-assistant\\node_modules\\tslib' ]
333 verbose reify failed optional dependency C:\Users\赖炫池\Desktop\ai-coding-assistant\node_modules\@rolldown\binding-openharmony-arm64
334 silly reify mark deleted [
334 silly reify   'C:\\Users\\赖炫池\\Desktop\\ai-coding-assistant\\node_modules\\@rolldown\\binding-openharmony-arm64'
334 silly reify ]
335 verbose reify failed optional dependency C:\Users\赖炫池\Desktop\ai-coding-assistant\node_modules\@rolldown\binding-linux-x64-musl
336 silly reify mark deleted [
336 silly reify   'C:\\Users\\赖炫池\\Desktop\\ai-coding-assistant\\node_modules\\@rolldown\\binding-linux-x64-musl'
336 silly reify ]
337 verbose reify failed optional dependency C:\Users\赖炫池\Desktop\ai-coding-assistant\node_modules\@rolldown\binding-linux-x64-gnu
338 silly reify mark deleted [
338 silly reify   'C:\\Users\\赖炫池\\Desktop\\ai-coding-assistant\\node_modules\\@rolldown\\binding-linux-x64-gnu'
338 silly reify ]
339 verbose reify failed optional dependency C:\Users\赖炫池\Desktop\ai-coding-assistant\node_modules\@rolldown\binding-linux-s390x-gnu
340 silly reify mark deleted [
340 silly reify   'C:\\Users\\赖炫池\\Desktop\\ai-coding-assistant\\node_modules\\@rolldown\\binding-linux-s390x-gnu'
340 silly reify ]
341 verbose reify failed optional dependency C:\Users\赖炫池\Desktop\ai-coding-assistant\node_modules\@rolldown\binding-linux-ppc64-gnu
342 silly reify mark deleted [
342 silly reify   'C:\\Users\\赖炫池\\Desktop\\ai-coding-assistant\\node_modules\\@rolldown\\binding-linux-ppc64-gnu'
342 silly reify ]
343 verbose reify failed optional dependency C:\Users\赖炫池\Desktop\ai-coding-assistant\node_modules\@rolldown\binding-linux-arm64-musl
344 silly reify mark deleted [
344 silly reify   'C:\\Users\\赖炫池\\Desktop\\ai-coding-assistant\\node_modules\\@rolldown\\binding-linux-arm64-musl'
344 silly reify ]
345 verbose reify failed optional dependency C:\Users\赖炫池\Desktop\ai-coding-assistant\node_modules\@rolldown\binding-linux-arm64-gnu
346 silly reify mark deleted [
346 silly reify   'C:\\Users\\赖炫池\\Desktop\\ai-coding-assistant\\node_modules\\@rolldown\\binding-linux-arm64-gnu'
346 silly reify ]
347 verbose reify failed optional dependency C:\Users\赖炫池\Desktop\ai-coding-assistant\node_modules\@rolldown\binding-linux-arm-gnueabihf
348 silly reify mark deleted [
348 silly reify   'C:\\Users\\赖炫池\\Desktop\\ai-coding-assistant\\node_modules\\@rolldown\\binding-linux-arm-gnueabihf'
348 silly reify ]
349 verbose reify failed optional dependency C:\Users\赖炫池\Desktop\ai-coding-assistant\node_modules\@rolldown\binding-freebsd-x64
350 silly reify mark deleted [
350 silly reify   'C:\\Users\\赖炫池\\Desktop\\ai-coding-assistant\\node_modules\\@rolldown\\binding-freebsd-x64'
350 silly reify ]
351 verbose reify failed optional dependency C:\Users\赖炫池\Desktop\ai-coding-assistant\node_modules\@rolldown\binding-darwin-x64
352 silly reify mark deleted [
352 silly reify   'C:\\Users\\赖炫池\\Desktop\\ai-coding-assistant\\node_modules\\@rolldown\\binding-darwin-x64'
352 silly reify ]
353 verbose reify failed optional dependency C:\Users\赖炫池\Desktop\ai-coding-assistant\node_modules\@rolldown\binding-darwin-arm64
354 silly reify mark deleted [
354 silly reify   'C:\\Users\\赖炫池\\Desktop\\ai-coding-assistant\\node_modules\\@rolldown\\binding-darwin-arm64'
354 silly reify ]
355 verbose reify failed optional dependency C:\Users\赖炫池\Desktop\ai-coding-assistant\node_modules\@rolldown\binding-android-arm64
356 silly reify mark deleted [
356 silly reify   'C:\\Users\\赖炫池\\Desktop\\ai-coding-assistant\\node_modules\\@rolldown\\binding-android-arm64'
356 silly reify ]
357 verbose reify failed optional dependency C:\Users\赖炫池\Desktop\ai-coding-assistant\node_modules\lightningcss-win32-arm64-msvc
358 silly reify mark deleted [
358 silly reify   'C:\\Users\\赖炫池\\Desktop\\ai-coding-assistant\\node_modules\\lightningcss-win32-arm64-msvc'
358 silly reify ]
359 verbose reify failed optional dependency C:\Users\赖炫池\Desktop\ai-coding-assistant\node_modules\lightningcss-linux-x64-musl
360 silly reify mark deleted [
360 silly reify   'C:\\Users\\赖炫池\\Desktop\\ai-coding-assistant\\node_modules\\lightningcss-linux-x64-musl'
360 silly reify ]
361 verbose reify failed optional dependency C:\Users\赖炫池\Desktop\ai-coding-assistant\node_modules\lightningcss-linux-x64-gnu
362 silly reify mark deleted [
362 silly reify   'C:\\Users\\赖炫池\\Desktop\\ai-coding-assistant\\node_modules\\lightningcss-linux-x64-gnu'
362 silly reify ]
363 verbose reify failed optional dependency C:\Users\赖炫池\Desktop\ai-coding-assistant\node_modules\lightningcss-linux-arm64-musl
364 silly reify mark deleted [
364 silly reify   'C:\\Users\\赖炫池\\Desktop\\ai-coding-assistant\\node_modules\\lightningcss-linux-arm64-musl'
364 silly reify ]
365 verbose reify failed optional dependency C:\Users\赖炫池\Desktop\ai-coding-assistant\node_modules\lightningcss-linux-arm64-gnu
366 silly reify mark deleted [
366 silly reify   'C:\\Users\\赖炫池\\Desktop\\ai-coding-assistant\\node_modules\\lightningcss-linux-arm64-gnu'
366 silly reify ]
367 verbose reify failed optional dependency C:\Users\赖炫池\Desktop\ai-coding-assistant\node_modules\lightningcss-linux-arm-gnueabihf
368 silly reify mark deleted [
368 silly reify   'C:\\Users\\赖炫池\\Desktop\\ai-coding-assistant\\node_modules\\lightningcss-linux-arm-gnueabihf'
368 silly reify ]
369 verbose reify failed optional dependency C:\Users\赖炫池\Desktop\ai-coding-assistant\node_modules\lightningcss-freebsd-x64
370 silly reify mark deleted [
370 silly reify   'C:\\Users\\赖炫池\\Desktop\\ai-coding-assistant\\node_modules\\lightningcss-freebsd-x64'
370 silly reify ]
371 verbose reify failed optional dependency C:\Users\赖炫池\Desktop\ai-coding-assistant\node_modules\lightningcss-darwin-x64
372 silly reify mark deleted [
372 silly reify   'C:\\Users\\赖炫池\\Desktop\\ai-coding-assistant\\node_modules\\lightningcss-darwin-x64'
372 silly reify ]
373 verbose reify failed optional dependency C:\Users\赖炫池\Desktop\ai-coding-assistant\node_modules\lightningcss-darwin-arm64
374 silly reify mark deleted [
374 silly reify   'C:\\Users\\赖炫池\\Desktop\\ai-coding-assistant\\node_modules\\lightningcss-darwin-arm64'
374 silly reify ]
375 verbose reify failed optional dependency C:\Users\赖炫池\Desktop\ai-coding-assistant\node_modules\lightningcss-android-arm64
376 silly reify mark deleted [
376 silly reify   'C:\\Users\\赖炫池\\Desktop\\ai-coding-assistant\\node_modules\\lightningcss-android-arm64'
376 silly reify ]
377 verbose reify failed optional dependency C:\Users\赖炫池\Desktop\ai-coding-assistant\node_modules\fsevents
378 silly reify mark deleted [
378 silly reify   'C:\\Users\\赖炫池\\Desktop\\ai-coding-assistant\\node_modules\\fsevents'
378 silly reify ]
379 silly tarball no local data for @emnapi/wasi-threads@https://registry.npmjs.org/@emnapi/wasi-threads/-/wasi-threads-1.2.1.tgz. Extracting by manifest.
380 silly tarball no local data for tslib@https://registry.npmjs.org/tslib/-/tslib-2.8.1.tgz. Extracting by manifest.
381 silly tarball no local data for @tybys/wasm-util@https://registry.npmjs.org/@tybys/wasm-util/-/wasm-util-0.10.1.tgz. Extracting by manifest.
382 silly tarball no local data for fdir@https://registry.npmjs.org/fdir/-/fdir-6.5.0.tgz. Extracting by manifest.
383 silly tarball no local data for @rolldown/pluginutils@https://registry.npmjs.org/@rolldown/pluginutils/-/pluginutils-1.0.0-rc.15.tgz. Extracting by manifest.
384 silly tarball no local data for @emnapi/runtime@https://registry.npmjs.org/@emnapi/runtime/-/runtime-1.9.2.tgz. Extracting by manifest.
385 silly tarball no local data for @napi-rs/wasm-runtime@https://registry.npmjs.org/@napi-rs/wasm-runtime/-/wasm-runtime-1.1.3.tgz. Extracting by manifest.
386 silly tarball no local data for @emnapi/core@https://registry.npmjs.org/@emnapi/core/-/core-1.9.2.tgz. Extracting by manifest.
387 silly tarball no local data for @rolldown/binding-win32-x64-msvc@https://registry.npmjs.org/@rolldown/binding-win32-x64-msvc/-/binding-win32-x64-msvc-1.0.0-rc.15.tgz. Extracting by manifest.
388 silly tarball no local data for nanoid@https://registry.npmjs.org/nanoid/-/nanoid-3.3.11.tgz. Extracting by manifest.
389 silly tarball no local data for picocolors@https://registry.npmjs.org/picocolors/-/picocolors-1.1.1.tgz. Extracting by manifest.
390 silly tarball no local data for source-map-js@https://registry.npmjs.org/source-map-js/-/source-map-js-1.2.1.tgz. Extracting by manifest.
391 silly tarball no local data for lightningcss-win32-x64-msvc@https://registry.npmjs.org/lightningcss-win32-x64-msvc/-/lightningcss-win32-x64-msvc-1.32.0.tgz. Extracting by manifest.
392 silly tarball no local data for rolldown@https://registry.npmjs.org/rolldown/-/rolldown-1.0.0-rc.15.tgz. Extracting by manifest.
393 silly tarball no local data for @oxc-project/types@https://registry.npmjs.org/@oxc-project/types/-/types-0.124.0.tgz. Extracting by manifest.
394 silly tarball no local data for lightningcss@https://registry.npmjs.org/lightningcss/-/lightningcss-1.32.0.tgz. Extracting by manifest.
395 silly tarball no local data for tinyglobby@https://registry.npmjs.org/tinyglobby/-/tinyglobby-0.2.16.tgz. Extracting by manifest.
396 silly tarball no local data for detect-libc@https://registry.npmjs.org/detect-libc/-/detect-libc-2.1.2.tgz. Extracting by manifest.
397 silly tarball no local data for picomatch@https://registry.npmjs.org/picomatch/-/picomatch-4.0.4.tgz. Extracting by manifest.
398 silly tarball no local data for postcss@https://registry.npmjs.org/postcss/-/postcss-8.5.9.tgz. Extracting by manifest.
399 silly tarball no local data for scheduler@https://registry.npmjs.org/scheduler/-/scheduler-0.27.0.tgz. Extracting by manifest.
400 silly tarball no local data for vite@https://registry.npmjs.org/vite/-/vite-8.0.8.tgz. Extracting by manifest.
401 silly tarball no local data for react-dom@https://registry.npmjs.org/react-dom/-/react-dom-19.2.5.tgz. Extracting by manifest.
402 silly tarball no local data for react@https://registry.npmjs.org/react/-/react-19.2.5.tgz. Extracting by manifest.
403 http fetch GET 200 https://registry.npmjs.org/picocolors/-/picocolors-1.1.1.tgz 96ms (cache miss)
404 http fetch GET 200 https://registry.npmjs.org/fdir/-/fdir-6.5.0.tgz 111ms (cache miss)
405 http fetch GET 200 https://registry.npmjs.org/tslib/-/tslib-2.8.1.tgz 128ms (cache miss)
406 http fetch GET 200 https://registry.npmjs.org/source-map-js/-/source-map-js-1.2.1.tgz 135ms (cache miss)
407 http fetch GET 200 https://registry.npmjs.org/@rolldown/pluginutils/-/pluginutils-1.0.0-rc.15.tgz 137ms (cache miss)
408 http fetch GET 200 https://registry.npmjs.org/nanoid/-/nanoid-3.3.11.tgz 142ms (cache miss)
409 http fetch GET 200 https://registry.npmjs.org/@emnapi/runtime/-/runtime-1.9.2.tgz 143ms (cache miss)
410 http fetch GET 200 https://registry.npmjs.org/@oxc-project/types/-/types-0.124.0.tgz 175ms (cache miss)
411 http fetch GET 200 https://registry.npmjs.org/tinyglobby/-/tinyglobby-0.2.16.tgz 179ms (cache miss)
412 http fetch GET 200 https://registry.npmjs.org/@emnapi/wasi-threads/-/wasi-threads-1.2.1.tgz 183ms (cache miss)
413 http fetch GET 200 https://registry.npmjs.org/detect-libc/-/detect-libc-2.1.2.tgz 182ms (cache miss)
414 http fetch GET 200 https://registry.npmjs.org/@emnapi/core/-/core-1.9.2.tgz 198ms (cache miss)
415 http fetch GET 200 https://registry.npmjs.org/scheduler/-/scheduler-0.27.0.tgz 201ms (cache miss)
416 http fetch GET 200 https://registry.npmjs.org/picomatch/-/picomatch-4.0.4.tgz 201ms (cache miss)
417 http fetch GET 200 https://registry.npmjs.org/rolldown/-/rolldown-1.0.0-rc.15.tgz 216ms (cache miss)
418 http fetch GET 200 https://registry.npmjs.org/lightningcss/-/lightningcss-1.32.0.tgz 217ms (cache miss)
419 http fetch GET 200 https://registry.npmjs.org/@tybys/wasm-util/-/wasm-util-0.10.1.tgz 222ms (cache miss)
420 http fetch POST 200 https://registry.npmjs.org/-/npm/v1/security/advisories/bulk 257ms
421 silly audit report {}
422 http fetch GET 200 https://registry.npmjs.org/react/-/react-19.2.5.tgz 266ms (cache miss)
423 http fetch GET 200 https://registry.npmjs.org/postcss/-/postcss-8.5.9.tgz 272ms (cache miss)
424 http fetch GET 200 https://registry.npmjs.org/@napi-rs/wasm-runtime/-/wasm-runtime-1.1.3.tgz 294ms (cache miss)
425 http fetch GET 200 https://registry.npmjs.org/vite/-/vite-8.0.8.tgz 370ms (cache miss)
426 http fetch GET 200 https://registry.npmjs.org/lightningcss-win32-x64-msvc/-/lightningcss-win32-x64-msvc-1.32.0.tgz 765ms (cache miss)
427 http fetch GET 200 https://registry.npmjs.org/react-dom/-/react-dom-19.2.5.tgz 920ms (cache miss)
428 http fetch GET 200 https://registry.npmjs.org/@rolldown/binding-win32-x64-msvc/-/binding-win32-x64-msvc-1.0.0-rc.15.tgz 2196ms (cache miss)
429 silly ADD node_modules/fdir
430 silly ADD
431 silly ADD
432 silly ADD
433 silly ADD
434 silly ADD
435 silly ADD
436 silly ADD node_modules/@rolldown/pluginutils
437 silly ADD node_modules/@rolldown/binding-win32-x64-msvc
438 silly ADD
439 silly ADD
440 silly ADD
441 silly ADD
442 silly ADD
443 silly ADD
444 silly ADD
445 silly ADD
446 silly ADD
447 silly ADD
448 silly ADD
449 silly ADD
450 silly ADD
451 silly ADD
452 silly ADD node_modules/@oxc-project/types
453 silly ADD node_modules/source-map-js
454 silly ADD node_modules/picocolors
455 silly ADD node_modules/nanoid
456 silly ADD node_modules/lightningcss-win32-x64-msvc
457 silly ADD
458 silly ADD
459 silly ADD
460 silly ADD
461 silly ADD
462 silly ADD
463 silly ADD
464 silly ADD
465 silly ADD
466 silly ADD
467 silly ADD node_modules/detect-libc
468 silly ADD node_modules/tinyglobby
469 silly ADD node_modules/rolldown
470 silly ADD node_modules/postcss
471 silly ADD node_modules/picomatch
472 silly ADD node_modules/lightningcss
473 silly ADD
474 silly ADD node_modules/scheduler
475 silly ADD node_modules/vite
476 silly ADD node_modules/react-dom
477 silly ADD node_modules/react
478 verbose cwd C:\Users\赖炫池\Desktop\ai-coding-assistant
479 verbose os Windows_NT 10.0.26200
480 verbose node v22.12.0
481 verbose npm  v10.9.0
482 verbose exit 0
483 info ok
