0 verbose cli C:\Program Files\nodejs\node.exe C:\Program Files\nodejs\node_modules\npm\bin\npm-cli.js
1 info using npm@10.9.0
2 info using node@v22.12.0
3 silly config load:file:C:\Program Files\nodejs\node_modules\npm\npmrc
4 silly config load:file:C:\Users\赖炫池\Desktop\ai-coding-assistant\.npmrc
5 silly config load:file:C:\Users\赖炫池\.npmrc
6 silly config load:file:C:\Users\赖炫池\Desktop\ai-coding-assistant\刚才创建的node_global文件夹的路径\etc\npmrc
7 verbose title npm init
8 verbose argv "init" "--yes"
9 verbose logfile logs-max:10 dir:C:\Users\赖炫池\Desktop\ai-coding-assistant\刚才创建的node_global文件夹的路径\_logs\2026-04-12T14_18_14_819Z-
10 verbose logfile C:\Users\赖炫池\Desktop\ai-coding-assistant\刚才创建的node_global文件夹的路径\_logs\2026-04-12T14_18_14_819Z-debug-0.log
11 silly logfile done cleaning log files
12 silly package data {
12 silly package data   name: 'ai-coding-assistant',
12 silly package data   version: '1.0.0',
12 silly package data   main: 'index.js',
12 silly package data   scripts: { test: 'echo "Error: no test specified" && exit 1' },
12 silly package data   keywords: [],
12 silly package data   author: '',
12 silly package data   license: 'ISC',
12 silly package data   description: ''
12 silly package data }
13 verbose cwd C:\Users\赖炫池\Desktop\ai-coding-assistant
14 verbose os Windows_NT 10.0.26200
15 verbose node v22.12.0
16 verbose npm  v10.9.0
17 verbose exit 0
18 info ok
